[2021-11-22T07:06:15.015Z] [org.springframework.boot.StartupInfoLogger] [restartedMain] [55] [INFO ] Starting OterrainApplication using Java 1.8.0_271 on DESKTOP-B0QDJ37 with PID 5196 (C:\Users\AROUNA\connecsen\o-terrain\target\classes started by AROUNA in C:\Users\AROUNA\connecsen\o-terrain)
[2021-11-22T07:06:15.015Z] [org.springframework.boot.SpringApplication] [restartedMain] [663] [INFO ] The following profiles are active: dev
[2021-11-22T07:06:15.015Z] [org.hibernate.validator.internal.util.Version] [background-preinit] [21] [INFO ] HV000001: Hibernate Validator 6.2.0.Final
[2021-11-22T07:06:16.016Z] [org.springframework.boot.logging.DeferredLog] [restartedMain] [255] [INFO ] The Class-Path manifest attribute in C:\Users\AROUNA\.m2\repository\org\glassfish\hk2\hk2\2.6.1\hk2-2.6.1.jar referenced one or more files that do not exist: file:/C:/Users/AROUNA/.m2/repository/org/glassfish/hk2/hk2/2.6.1/hk2-utils.jar,file:/C:/Users/AROUNA/.m2/repository/org/glassfish/hk2/hk2/2.6.1/jakarta.annotation-api.jar,file:/C:/Users/AROUNA/.m2/repository/org/glassfish/hk2/hk2/2.6.1/jakarta.inject.jar,file:/C:/Users/AROUNA/.m2/repository/org/glassfish/hk2/hk2/2.6.1/hk2-api.jar,file:/C:/Users/AROUNA/.m2/repository/org/glassfish/hk2/hk2/2.6.1/aopalliance-repackaged.jar,file:/C:/Users/AROUNA/.m2/repository/org/glassfish/hk2/hk2/2.6.1/hk2-core.jar,file:/C:/Users/AROUNA/.m2/repository/org/glassfish/hk2/hk2/2.6.1/hk2-locator.jar,file:/C:/Users/AROUNA/.m2/repository/org/glassfish/hk2/hk2/2.6.1/javassist.jar,file:/C:/Users/AROUNA/.m2/repository/org/glassfish/hk2/hk2/2.6.1/hk2-runlevel.jar,file:/C:/Users/AROUNA/.m2/repository/org/glassfish/hk2/hk2/2.6.1/class-model.jar,file:/C:/Users/AROUNA/.m2/repository/org/glassfish/hk2/hk2/2.6.1/asm.jar,file:/C:/Users/AROUNA/.m2/repository/org/glassfish/hk2/hk2/2.6.1/asm-analysis.jar,file:/C:/Users/AROUNA/.m2/repository/org/glassfish/hk2/hk2/2.6.1/asm-commons.jar,file:/C:/Users/AROUNA/.m2/repository/org/glassfish/hk2/hk2/2.6.1/asm-tree.jar,file:/C:/Users/AROUNA/.m2/repository/org/glassfish/hk2/hk2/2.6.1/asm-util.jar
[2021-11-22T07:06:16.016Z] [org.springframework.boot.logging.DeferredLog] [restartedMain] [255] [INFO ] Devtools property defaults active! Set 'spring.devtools.add-properties' to 'false' to disable
[2021-11-22T07:06:16.016Z] [org.springframework.boot.logging.DeferredLog] [restartedMain] [255] [INFO ] For additional web related logging consider setting the 'logging.level.web' property to 'DEBUG'
[2021-11-22T07:06:28.028Z] [org.springframework.data.repository.config.RepositoryConfigurationDelegate] [restartedMain] [132] [INFO ] Bootstrapping Spring Data JPA repositories in DEFAULT mode.
[2021-11-22T07:06:29.029Z] [org.springframework.data.repository.config.RepositoryConfigurationDelegate] [restartedMain] [201] [INFO ] Finished Spring Data repository scanning in 1066 ms. Found 19 JPA repository interfaces.
[2021-11-22T07:06:33.033Z] [org.springframework.context.support.PostProcessorRegistrationDelegate$BeanPostProcessorChecker] [restartedMain] [376] [INFO ] Bean 'org.springframework.security.access.expression.method.DefaultMethodSecurityExpressionHandler@614b0b94' of type [org.springframework.security.access.expression.method.DefaultMethodSecurityExpressionHandler] is not eligible for getting processed by all BeanPostProcessors (for example: not eligible for auto-proxying)
[2021-11-22T07:06:33.033Z] [org.springframework.context.support.PostProcessorRegistrationDelegate$BeanPostProcessorChecker] [restartedMain] [376] [INFO ] Bean 'methodSecurityMetadataSource' of type [org.springframework.security.access.method.DelegatingMethodSecurityMetadataSource] is not eligible for getting processed by all BeanPostProcessors (for example: not eligible for auto-proxying)
[2021-11-22T07:06:38.038Z] [org.springframework.boot.web.embedded.tomcat.TomcatWebServer] [restartedMain] [108] [INFO ] Tomcat initialized with port(s): 8080 (http)
[2021-11-22T07:06:38.038Z] [org.apache.juli.logging.DirectJDKLog] [restartedMain] [173] [INFO ] Initializing ProtocolHandler ["http-nio-8080"]
[2021-11-22T07:06:38.038Z] [org.apache.juli.logging.DirectJDKLog] [restartedMain] [173] [INFO ] Starting service [Tomcat]
[2021-11-22T07:06:38.038Z] [org.apache.juli.logging.DirectJDKLog] [restartedMain] [173] [INFO ] Starting Servlet engine: [Apache Tomcat/9.0.48]
[2021-11-22T07:06:39.039Z] [org.apache.juli.logging.DirectJDKLog] [restartedMain] [173] [INFO ] Initializing Spring embedded WebApplicationContext
[2021-11-22T07:06:39.039Z] [org.springframework.boot.web.servlet.context.ServletWebServerApplicationContext] [restartedMain] [290] [INFO ] Root WebApplicationContext: initialization completed in 22920 ms
[2021-11-22T07:06:41.041Z] [org.hibernate.jpa.internal.util.LogHelper] [restartedMain] [31] [INFO ] HHH000204: Processing PersistenceUnitInfo [name: default]
[2021-11-22T07:06:41.041Z] [org.hibernate.Version] [restartedMain] [44] [INFO ] HHH000412: Hibernate ORM core version 5.4.32.Final
[2021-11-22T07:06:42.042Z] [org.hibernate.annotations.common.reflection.java.JavaReflectionManager] [restartedMain] [56] [INFO ] HCANN000001: Hibernate Commons Annotations {5.1.2.Final}
[2021-11-22T07:06:43.043Z] [com.zaxxer.hikari.HikariDataSource] [restartedMain] [110] [INFO ] HikariPool-1 - Starting...
[2021-11-22T07:06:49.049Z] [com.zaxxer.hikari.HikariDataSource] [restartedMain] [123] [INFO ] HikariPool-1 - Start completed.
[2021-11-22T07:06:50.050Z] [org.hibernate.dialect.Dialect] [restartedMain] [175] [INFO ] HHH000400: Using dialect: org.hibernate.dialect.PostgreSQLDialect
[2021-11-22T07:07:22.022Z] [org.hibernate.engine.transaction.jta.platform.internal.JtaPlatformInitiator] [restartedMain] [52] [INFO ] HHH000490: Using JtaPlatform implementation: [org.hibernate.engine.transaction.jta.platform.internal.NoJtaPlatform]
[2021-11-22T07:07:22.022Z] [org.springframework.orm.jpa.AbstractEntityManagerFactoryBean] [restartedMain] [437] [INFO ] Initialized JPA EntityManagerFactory for persistence unit 'default'
[2021-11-22T07:07:25.025Z] [org.springframework.boot.autoconfigure.orm.jpa.JpaBaseConfiguration$JpaWebConfiguration] [restartedMain] [219] [WARN ] spring.jpa.open-in-view is enabled by default. Therefore, database queries may be performed during view rendering. Explicitly configure spring.jpa.open-in-view to disable this warning
[2021-11-22T07:08:31.031Z] [org.springframework.security.web.DefaultSecurityFilterChain] [restartedMain] [51] [INFO ] Will secure any request with [org.springframework.security.web.context.request.async.WebAsyncManagerIntegrationFilter@673c5e2e, org.springframework.security.web.context.SecurityContextPersistenceFilter@821f346, org.springframework.security.web.header.HeaderWriterFilter@23c728d4, org.springframework.security.web.authentication.logout.LogoutFilter@14f03fea, com.connecsen.oterrain.security.JWTAuthorizationFilter@3d7d3ac1, org.springframework.security.web.savedrequest.RequestCacheAwareFilter@4ac68292, org.springframework.security.web.servletapi.SecurityContextHolderAwareRequestFilter@1bf230ff, org.springframework.security.web.authentication.AnonymousAuthenticationFilter@642aee1a, org.springframework.security.web.session.SessionManagementFilter@2c2a259, org.springframework.security.web.access.ExceptionTranslationFilter@71c0eec4, org.springframework.security.web.access.intercept.FilterSecurityInterceptor@2d3cb30]
[2021-11-22T07:09:08.008Z] [org.springframework.boot.devtools.autoconfigure.OptionalLiveReloadServer] [restartedMain] [58] [INFO ] LiveReload server is running on port 35729
[2021-11-22T07:09:09.009Z] [org.apache.juli.logging.DirectJDKLog] [restartedMain] [173] [INFO ] Starting ProtocolHandler ["http-nio-8080"]
[2021-11-22T07:09:09.009Z] [org.springframework.boot.web.embedded.tomcat.TomcatWebServer] [restartedMain] [220] [INFO ] Tomcat started on port(s): 8080 (http) with context path ''
[2021-11-22T07:09:09.009Z] [org.springframework.boot.StartupInfoLogger] [restartedMain] [61] [INFO ] Started OterrainApplication in 179.227 seconds (JVM running for 188.596)
[2021-11-22T07:13:41.041Z] [org.apache.juli.logging.DirectJDKLog] [http-nio-8080-exec-2] [173] [INFO ] Initializing Spring DispatcherServlet 'dispatcherServlet'
[2021-11-22T07:13:41.041Z] [org.springframework.web.servlet.FrameworkServlet] [http-nio-8080-exec-2] [525] [INFO ] Initializing Servlet 'dispatcherServlet'
[2021-11-22T07:13:41.041Z] [org.springframework.web.servlet.FrameworkServlet] [http-nio-8080-exec-2] [547] [INFO ] Completed initialization in 24 ms
[2021-11-22T07:18:48.048Z] [org.springframework.orm.jpa.AbstractEntityManagerFactoryBean] [Thread-6] [651] [INFO ] Closing JPA EntityManagerFactory for persistence unit 'default'
[2021-11-22T07:18:48.048Z] [com.zaxxer.hikari.HikariDataSource] [Thread-6] [350] [INFO ] HikariPool-1 - Shutdown initiated...
[2021-11-22T07:18:49.049Z] [com.zaxxer.hikari.HikariDataSource] [Thread-6] [352] [INFO ] HikariPool-1 - Shutdown completed.
[2021-11-22T07:18:50.050Z] [org.springframework.boot.StartupInfoLogger] [restartedMain] [55] [INFO ] Starting OterrainApplication using Java 1.8.0_271 on DESKTOP-B0QDJ37 with PID 5196 (C:\Users\AROUNA\connecsen\o-terrain\target\classes started by AROUNA in C:\Users\AROUNA\connecsen\o-terrain)
[2021-11-22T07:18:50.050Z] [org.springframework.boot.SpringApplication] [restartedMain] [663] [INFO ] The following profiles are active: dev
[2021-11-22T07:18:54.054Z] [org.springframework.data.repository.config.RepositoryConfigurationDelegate] [restartedMain] [132] [INFO ] Bootstrapping Spring Data JPA repositories in DEFAULT mode.
[2021-11-22T07:18:56.056Z] [org.springframework.data.repository.config.RepositoryConfigurationDelegate] [restartedMain] [201] [INFO ] Finished Spring Data repository scanning in 2022 ms. Found 19 JPA repository interfaces.
[2021-11-22T07:18:56.056Z] [org.springframework.context.support.PostProcessorRegistrationDelegate$BeanPostProcessorChecker] [restartedMain] [376] [INFO ] Bean 'org.springframework.security.access.expression.method.DefaultMethodSecurityExpressionHandler@1adfc318' of type [org.springframework.security.access.expression.method.DefaultMethodSecurityExpressionHandler] is not eligible for getting processed by all BeanPostProcessors (for example: not eligible for auto-proxying)
[2021-11-22T07:18:56.056Z] [org.springframework.context.support.PostProcessorRegistrationDelegate$BeanPostProcessorChecker] [restartedMain] [376] [INFO ] Bean 'methodSecurityMetadataSource' of type [org.springframework.security.access.method.DelegatingMethodSecurityMetadataSource] is not eligible for getting processed by all BeanPostProcessors (for example: not eligible for auto-proxying)
[2021-11-22T07:18:57.057Z] [org.springframework.boot.web.embedded.tomcat.TomcatWebServer] [restartedMain] [108] [INFO ] Tomcat initialized with port(s): 8080 (http)
[2021-11-22T07:18:57.057Z] [org.apache.juli.logging.DirectJDKLog] [restartedMain] [173] [INFO ] Initializing ProtocolHandler ["http-nio-8080"]
[2021-11-22T07:18:57.057Z] [org.apache.juli.logging.DirectJDKLog] [restartedMain] [173] [INFO ] Starting service [Tomcat]
[2021-11-22T07:18:57.057Z] [org.apache.juli.logging.DirectJDKLog] [restartedMain] [173] [INFO ] Starting Servlet engine: [Apache Tomcat/9.0.48]
[2021-11-22T07:18:57.057Z] [org.apache.juli.logging.DirectJDKLog] [restartedMain] [173] [INFO ] Initializing Spring embedded WebApplicationContext
[2021-11-22T07:18:57.057Z] [org.springframework.boot.web.servlet.context.ServletWebServerApplicationContext] [restartedMain] [290] [INFO ] Root WebApplicationContext: initialization completed in 6727 ms
[2021-11-22T07:18:57.057Z] [org.hibernate.jpa.internal.util.LogHelper] [restartedMain] [31] [INFO ] HHH000204: Processing PersistenceUnitInfo [name: default]
[2021-11-22T07:18:57.057Z] [com.zaxxer.hikari.HikariDataSource] [restartedMain] [110] [INFO ] HikariPool-2 - Starting...
[2021-11-22T07:18:59.059Z] [com.zaxxer.hikari.HikariDataSource] [restartedMain] [123] [INFO ] HikariPool-2 - Start completed.
[2021-11-22T07:18:59.059Z] [org.hibernate.dialect.Dialect] [restartedMain] [175] [INFO ] HHH000400: Using dialect: org.hibernate.dialect.PostgreSQLDialect
[2021-11-22T07:19:19.019Z] [org.hibernate.engine.transaction.jta.platform.internal.JtaPlatformInitiator] [restartedMain] [52] [INFO ] HHH000490: Using JtaPlatform implementation: [org.hibernate.engine.transaction.jta.platform.internal.NoJtaPlatform]
[2021-11-22T07:19:19.019Z] [org.springframework.orm.jpa.AbstractEntityManagerFactoryBean] [restartedMain] [437] [INFO ] Initialized JPA EntityManagerFactory for persistence unit 'default'
[2021-11-22T07:19:20.020Z] [org.springframework.boot.autoconfigure.orm.jpa.JpaBaseConfiguration$JpaWebConfiguration] [restartedMain] [219] [WARN ] spring.jpa.open-in-view is enabled by default. Therefore, database queries may be performed during view rendering. Explicitly configure spring.jpa.open-in-view to disable this warning
[2021-11-22T07:19:25.025Z] [org.springframework.security.web.DefaultSecurityFilterChain] [restartedMain] [51] [INFO ] Will secure any request with [org.springframework.security.web.context.request.async.WebAsyncManagerIntegrationFilter@171bc058, org.springframework.security.web.context.SecurityContextPersistenceFilter@12f11957, org.springframework.security.web.header.HeaderWriterFilter@452de245, org.springframework.security.web.authentication.logout.LogoutFilter@26019441, com.connecsen.oterrain.security.JWTAuthorizationFilter@3ff0b95c, org.springframework.security.web.savedrequest.RequestCacheAwareFilter@1d08f34a, org.springframework.security.web.servletapi.SecurityContextHolderAwareRequestFilter@371d0564, org.springframework.security.web.authentication.AnonymousAuthenticationFilter@6aee338a, org.springframework.security.web.session.SessionManagementFilter@38d66c18, org.springframework.security.web.access.ExceptionTranslationFilter@840e6cd, org.springframework.security.web.access.intercept.FilterSecurityInterceptor@486445db]
[2021-11-22T07:19:33.033Z] [org.springframework.boot.devtools.autoconfigure.OptionalLiveReloadServer] [restartedMain] [58] [INFO ] LiveReload server is running on port 35729
[2021-11-22T07:19:33.033Z] [org.apache.juli.logging.DirectJDKLog] [restartedMain] [173] [INFO ] Starting ProtocolHandler ["http-nio-8080"]
[2021-11-22T07:19:33.033Z] [org.springframework.boot.web.embedded.tomcat.TomcatWebServer] [restartedMain] [220] [INFO ] Tomcat started on port(s): 8080 (http) with context path ''
[2021-11-22T07:19:33.033Z] [org.springframework.boot.StartupInfoLogger] [restartedMain] [61] [INFO ] Started OterrainApplication in 43.098 seconds (JVM running for 812.233)
[2021-11-22T07:19:33.033Z] [org.springframework.boot.devtools.autoconfigure.ConditionEvaluationDeltaLoggingListener] [restartedMain] [63] [INFO ] Condition evaluation unchanged
[2021-11-22T19:29:25.025Z] [org.springframework.test.context.support.AbstractTestContextBootstrapper] [main] [305] [INFO ] Neither @ContextConfiguration nor @ContextHierarchy found for test class [com.connecsen.oterrain.OterrainApplicationTests], using SpringBootContextLoader
[2021-11-22T19:29:25.025Z] [org.springframework.test.context.support.AbstractContextLoader] [main] [264] [INFO ] Could not detect default resource locations for test class [com.connecsen.oterrain.OterrainApplicationTests]: no resource found for suffixes {-context.xml, Context.groovy}.
[2021-11-22T19:29:25.025Z] [org.springframework.test.context.support.AnnotationConfigContextLoaderUtils] [main] [83] [INFO ] Could not detect default configuration classes for test class [com.connecsen.oterrain.OterrainApplicationTests]: OterrainApplicationTests does not declare any static, non-private, non-final, nested classes annotated with @Configuration.
[2021-11-22T19:29:26.026Z] [org.springframework.boot.test.context.SpringBootTestContextBootstrapper] [main] [238] [INFO ] Found @SpringBootConfiguration com.connecsen.oterrain.OterrainApplication for test class com.connecsen.oterrain.OterrainApplicationTests
[2021-11-22T19:29:27.027Z] [org.springframework.test.context.support.AbstractTestContextBootstrapper] [main] [245] [INFO ] Loaded default TestExecutionListener class names from location [META-INF/spring.factories]: [org.springframework.boot.test.mock.mockito.MockitoTestExecutionListener, org.springframework.boot.test.mock.mockito.ResetMocksTestExecutionListener, org.springframework.boot.test.autoconfigure.restdocs.RestDocsTestExecutionListener, org.springframework.boot.test.autoconfigure.web.client.MockRestServiceServerResetTestExecutionListener, org.springframework.boot.test.autoconfigure.web.servlet.MockMvcPrintOnlyOnFailureTestExecutionListener, org.springframework.boot.test.autoconfigure.web.servlet.WebDriverTestExecutionListener, org.springframework.boot.test.autoconfigure.webservices.client.MockWebServiceServerTestExecutionListener, org.springframework.test.context.web.ServletTestExecutionListener, org.springframework.test.context.support.DirtiesContextBeforeModesTestExecutionListener, org.springframework.test.context.event.ApplicationEventsTestExecutionListener, org.springframework.test.context.support.DependencyInjectionTestExecutionListener, org.springframework.test.context.support.DirtiesContextTestExecutionListener, org.springframework.test.context.transaction.TransactionalTestExecutionListener, org.springframework.test.context.jdbc.SqlScriptsTestExecutionListener, org.springframework.test.context.event.EventPublishingTestExecutionListener]
[2021-11-22T19:29:27.027Z] [org.springframework.test.context.support.AbstractTestContextBootstrapper] [main] [174] [INFO ] Using TestExecutionListeners: [org.springframework.test.context.web.ServletTestExecutionListener@30b6ffe0, org.springframework.test.context.support.DirtiesContextBeforeModesTestExecutionListener@791d1f8b, org.springframework.test.context.event.ApplicationEventsTestExecutionListener@2415fc55, org.springframework.boot.test.mock.mockito.MockitoTestExecutionListener@14f232c4, org.springframework.boot.test.autoconfigure.SpringBootDependencyInjectionTestExecutionListener@13bc8645, org.springframework.test.context.support.DirtiesContextTestExecutionListener@24c22fe, org.springframework.test.context.transaction.TransactionalTestExecutionListener@93081b6, org.springframework.test.context.jdbc.SqlScriptsTestExecutionListener@cd1e646, org.springframework.test.context.event.EventPublishingTestExecutionListener@7ba8c737, org.springframework.boot.test.mock.mockito.ResetMocksTestExecutionListener@1890516e, org.springframework.boot.test.autoconfigure.restdocs.RestDocsTestExecutionListener@15a04efb, org.springframework.boot.test.autoconfigure.web.client.MockRestServiceServerResetTestExecutionListener@16c069df, org.springframework.boot.test.autoconfigure.web.servlet.MockMvcPrintOnlyOnFailureTestExecutionListener@2bec854f, org.springframework.boot.test.autoconfigure.web.servlet.WebDriverTestExecutionListener@31edaa7d, org.springframework.boot.test.autoconfigure.webservices.client.MockWebServiceServerTestExecutionListener@26adfd2d]
[2021-11-22T19:29:31.031Z] [org.springframework.boot.StartupInfoLogger] [main] [55] [INFO ] Starting OterrainApplicationTests using Java 1.8.0_261 on DESKTOP-B0QDJ37 with PID 17204 (started by AROUNA in C:\Users\AROUNA\connecsen\o-terrain)
[2021-11-22T19:29:31.031Z] [org.springframework.boot.SpringApplication] [main] [663] [INFO ] The following profiles are active: dev
[2021-11-22T19:29:32.032Z] [org.hibernate.validator.internal.util.Version] [background-preinit] [21] [INFO ] HV000001: Hibernate Validator 6.2.0.Final
[2021-11-22T19:29:43.043Z] [org.springframework.data.repository.config.RepositoryConfigurationDelegate] [main] [132] [INFO ] Bootstrapping Spring Data JPA repositories in DEFAULT mode.
[2021-11-22T19:29:45.045Z] [org.springframework.data.repository.config.RepositoryConfigurationDelegate] [main] [201] [INFO ] Finished Spring Data repository scanning in 1903 ms. Found 19 JPA repository interfaces.
[2021-11-22T19:29:53.053Z] [org.springframework.context.support.PostProcessorRegistrationDelegate$BeanPostProcessorChecker] [main] [376] [INFO ] Bean 'org.springframework.security.access.expression.method.DefaultMethodSecurityExpressionHandler@38ed139b' of type [org.springframework.security.access.expression.method.DefaultMethodSecurityExpressionHandler] is not eligible for getting processed by all BeanPostProcessors (for example: not eligible for auto-proxying)
[2021-11-22T19:29:53.053Z] [org.springframework.context.support.PostProcessorRegistrationDelegate$BeanPostProcessorChecker] [main] [376] [INFO ] Bean 'methodSecurityMetadataSource' of type [org.springframework.security.access.method.DelegatingMethodSecurityMetadataSource] is not eligible for getting processed by all BeanPostProcessors (for example: not eligible for auto-proxying)
[2021-11-22T19:29:57.057Z] [org.hibernate.jpa.internal.util.LogHelper] [main] [31] [INFO ] HHH000204: Processing PersistenceUnitInfo [name: default]
[2021-11-22T19:29:59.059Z] [org.hibernate.Version] [main] [44] [INFO ] HHH000412: Hibernate ORM core version 5.4.32.Final
[2021-11-22T19:30:03.003Z] [org.hibernate.annotations.common.reflection.java.JavaReflectionManager] [main] [56] [INFO ] HCANN000001: Hibernate Commons Annotations {5.1.2.Final}
[2021-11-22T19:30:06.006Z] [com.zaxxer.hikari.HikariDataSource] [main] [110] [INFO ] HikariPool-1 - Starting...
[2021-11-22T19:30:16.016Z] [com.zaxxer.hikari.HikariDataSource] [main] [123] [INFO ] HikariPool-1 - Start completed.
[2021-11-22T19:30:16.016Z] [org.hibernate.dialect.Dialect] [main] [175] [INFO ] HHH000400: Using dialect: org.hibernate.dialect.PostgreSQLDialect
[2021-11-22T19:31:13.013Z] [org.hibernate.engine.transaction.jta.platform.internal.JtaPlatformInitiator] [main] [52] [INFO ] HHH000490: Using JtaPlatform implementation: [org.hibernate.engine.transaction.jta.platform.internal.NoJtaPlatform]
[2021-11-22T19:31:14.014Z] [org.springframework.orm.jpa.AbstractEntityManagerFactoryBean] [main] [437] [INFO ] Initialized JPA EntityManagerFactory for persistence unit 'default'
[2021-11-22T19:31:24.024Z] [org.springframework.boot.autoconfigure.orm.jpa.JpaBaseConfiguration$JpaWebConfiguration] [main] [219] [WARN ] spring.jpa.open-in-view is enabled by default. Therefore, database queries may be performed during view rendering. Explicitly configure spring.jpa.open-in-view to disable this warning
[2021-11-22T19:32:15.015Z] [org.springframework.security.web.DefaultSecurityFilterChain] [main] [51] [INFO ] Will secure any request with [org.springframework.security.web.context.request.async.WebAsyncManagerIntegrationFilter@34e9de8d, org.springframework.security.web.context.SecurityContextPersistenceFilter@5ac7550a, org.springframework.security.web.header.HeaderWriterFilter@21022cbb, org.springframework.security.web.authentication.logout.LogoutFilter@b1fa523, com.connecsen.oterrain.security.JWTAuthorizationFilter@4a6facb0, org.springframework.security.web.savedrequest.RequestCacheAwareFilter@74cd8c55, org.springframework.security.web.servletapi.SecurityContextHolderAwareRequestFilter@12765ebd, org.springframework.security.web.authentication.AnonymousAuthenticationFilter@33a8f553, org.springframework.security.web.session.SessionManagementFilter@799cf32d, org.springframework.security.web.access.ExceptionTranslationFilter@1260c85e, org.springframework.security.web.access.intercept.FilterSecurityInterceptor@5a4e492c]
[2021-11-22T19:32:46.046Z] [org.springframework.boot.autoconfigure.web.servlet.WelcomePageHandlerMapping] [main] [53] [INFO ] Adding welcome page: class path resource [static/index.html]
[2021-11-22T19:33:06.006Z] [org.springframework.boot.StartupInfoLogger] [main] [61] [INFO ] Started OterrainApplicationTests in 218.224 seconds (JVM running for 233.041)
[2021-11-22T19:33:29.029Z] [org.springframework.orm.jpa.AbstractEntityManagerFactoryBean] [SpringApplicationShutdownHook] [651] [INFO ] Closing JPA EntityManagerFactory for persistence unit 'default'
[2021-11-22T19:33:29.029Z] [com.zaxxer.hikari.HikariDataSource] [SpringApplicationShutdownHook] [350] [INFO ] HikariPool-1 - Shutdown initiated...
[2021-11-22T19:33:29.029Z] [com.zaxxer.hikari.HikariDataSource] [SpringApplicationShutdownHook] [352] [INFO ] HikariPool-1 - Shutdown completed.
[2021-11-22T19:38:58.058Z] [org.hibernate.validator.internal.util.Version] [background-preinit] [21] [INFO ] HV000001: Hibernate Validator 6.2.0.Final
[2021-11-22T19:38:58.058Z] [org.springframework.boot.StartupInfoLogger] [restartedMain] [55] [INFO ] Starting OterrainApplication using Java 1.8.0_261 on DESKTOP-B0QDJ37 with PID 6008 (C:\Users\AROUNA\connecsen\o-terrain\target\classes started by AROUNA in C:\Users\AROUNA\connecsen\o-terrain)
[2021-11-22T19:38:58.058Z] [org.springframework.boot.SpringApplication] [restartedMain] [663] [INFO ] The following profiles are active: dev
[2021-11-22T19:38:58.058Z] [org.springframework.boot.logging.DeferredLog] [restartedMain] [255] [INFO ] The Class-Path manifest attribute in C:\Users\AROUNA\.m2\repository\org\glassfish\hk2\hk2\2.6.1\hk2-2.6.1.jar referenced one or more files that do not exist: file:/C:/Users/AROUNA/.m2/repository/org/glassfish/hk2/hk2/2.6.1/hk2-utils.jar,file:/C:/Users/AROUNA/.m2/repository/org/glassfish/hk2/hk2/2.6.1/jakarta.annotation-api.jar,file:/C:/Users/AROUNA/.m2/repository/org/glassfish/hk2/hk2/2.6.1/jakarta.inject.jar,file:/C:/Users/AROUNA/.m2/repository/org/glassfish/hk2/hk2/2.6.1/hk2-api.jar,file:/C:/Users/AROUNA/.m2/repository/org/glassfish/hk2/hk2/2.6.1/aopalliance-repackaged.jar,file:/C:/Users/AROUNA/.m2/repository/org/glassfish/hk2/hk2/2.6.1/hk2-core.jar,file:/C:/Users/AROUNA/.m2/repository/org/glassfish/hk2/hk2/2.6.1/hk2-locator.jar,file:/C:/Users/AROUNA/.m2/repository/org/glassfish/hk2/hk2/2.6.1/javassist.jar,file:/C:/Users/AROUNA/.m2/repository/org/glassfish/hk2/hk2/2.6.1/hk2-runlevel.jar,file:/C:/Users/AROUNA/.m2/repository/org/glassfish/hk2/hk2/2.6.1/class-model.jar,file:/C:/Users/AROUNA/.m2/repository/org/glassfish/hk2/hk2/2.6.1/asm.jar,file:/C:/Users/AROUNA/.m2/repository/org/glassfish/hk2/hk2/2.6.1/asm-analysis.jar,file:/C:/Users/AROUNA/.m2/repository/org/glassfish/hk2/hk2/2.6.1/asm-commons.jar,file:/C:/Users/AROUNA/.m2/repository/org/glassfish/hk2/hk2/2.6.1/asm-tree.jar,file:/C:/Users/AROUNA/.m2/repository/org/glassfish/hk2/hk2/2.6.1/asm-util.jar
[2021-11-22T19:38:59.059Z] [org.springframework.boot.logging.DeferredLog] [restartedMain] [255] [INFO ] Devtools property defaults active! Set 'spring.devtools.add-properties' to 'false' to disable
[2021-11-22T19:38:59.059Z] [org.springframework.boot.logging.DeferredLog] [restartedMain] [255] [INFO ] For additional web related logging consider setting the 'logging.level.web' property to 'DEBUG'
[2021-11-22T19:39:13.013Z] [org.springframework.data.repository.config.RepositoryConfigurationDelegate] [restartedMain] [132] [INFO ] Bootstrapping Spring Data JPA repositories in DEFAULT mode.
[2021-11-22T19:39:17.017Z] [org.springframework.data.repository.config.RepositoryConfigurationDelegate] [restartedMain] [201] [INFO ] Finished Spring Data repository scanning in 3262 ms. Found 19 JPA repository interfaces.
[2021-11-22T19:39:22.022Z] [org.springframework.context.support.PostProcessorRegistrationDelegate$BeanPostProcessorChecker] [restartedMain] [376] [INFO ] Bean 'org.springframework.security.access.expression.method.DefaultMethodSecurityExpressionHandler@18dc083a' of type [org.springframework.security.access.expression.method.DefaultMethodSecurityExpressionHandler] is not eligible for getting processed by all BeanPostProcessors (for example: not eligible for auto-proxying)
[2021-11-22T19:39:22.022Z] [org.springframework.context.support.PostProcessorRegistrationDelegate$BeanPostProcessorChecker] [restartedMain] [376] [INFO ] Bean 'methodSecurityMetadataSource' of type [org.springframework.security.access.method.DelegatingMethodSecurityMetadataSource] is not eligible for getting processed by all BeanPostProcessors (for example: not eligible for auto-proxying)
[2021-11-22T19:39:29.029Z] [org.springframework.boot.web.embedded.tomcat.TomcatWebServer] [restartedMain] [108] [INFO ] Tomcat initialized with port(s): 8080 (http)
[2021-11-22T19:39:30.030Z] [org.apache.juli.logging.DirectJDKLog] [restartedMain] [173] [INFO ] Initializing ProtocolHandler ["http-nio-8080"]
[2021-11-22T19:39:30.030Z] [org.apache.juli.logging.DirectJDKLog] [restartedMain] [173] [INFO ] Starting service [Tomcat]
[2021-11-22T19:39:30.030Z] [org.apache.juli.logging.DirectJDKLog] [restartedMain] [173] [INFO ] Starting Servlet engine: [Apache Tomcat/9.0.48]
[2021-11-22T19:39:31.031Z] [org.apache.juli.logging.DirectJDKLog] [restartedMain] [173] [INFO ] Initializing Spring embedded WebApplicationContext
[2021-11-22T19:39:31.031Z] [org.springframework.boot.web.servlet.context.ServletWebServerApplicationContext] [restartedMain] [290] [INFO ] Root WebApplicationContext: initialization completed in 32773 ms
[2021-11-22T19:39:42.042Z] [org.hibernate.jpa.internal.util.LogHelper] [restartedMain] [31] [INFO ] HHH000204: Processing PersistenceUnitInfo [name: default]
[2021-11-22T19:39:44.044Z] [org.hibernate.Version] [restartedMain] [44] [INFO ] HHH000412: Hibernate ORM core version 5.4.32.Final
[2021-11-22T19:39:48.048Z] [org.hibernate.annotations.common.reflection.java.JavaReflectionManager] [restartedMain] [56] [INFO ] HCANN000001: Hibernate Commons Annotations {5.1.2.Final}
[2021-11-22T19:39:52.052Z] [com.zaxxer.hikari.HikariDataSource] [restartedMain] [110] [INFO ] HikariPool-1 - Starting...
[2021-11-22T19:40:07.007Z] [com.zaxxer.hikari.HikariDataSource] [restartedMain] [123] [INFO ] HikariPool-1 - Start completed.
[2021-11-22T19:40:07.007Z] [org.hibernate.dialect.Dialect] [restartedMain] [175] [INFO ] HHH000400: Using dialect: org.hibernate.dialect.PostgreSQLDialect
[2021-11-22T19:40:38.038Z] [org.hibernate.engine.transaction.jta.platform.internal.JtaPlatformInitiator] [restartedMain] [52] [INFO ] HHH000490: Using JtaPlatform implementation: [org.hibernate.engine.transaction.jta.platform.internal.NoJtaPlatform]
[2021-11-22T19:40:38.038Z] [org.springframework.orm.jpa.AbstractEntityManagerFactoryBean] [restartedMain] [437] [INFO ] Initialized JPA EntityManagerFactory for persistence unit 'default'
[2021-11-22T19:40:47.047Z] [org.springframework.boot.autoconfigure.orm.jpa.JpaBaseConfiguration$JpaWebConfiguration] [restartedMain] [219] [WARN ] spring.jpa.open-in-view is enabled by default. Therefore, database queries may be performed during view rendering. Explicitly configure spring.jpa.open-in-view to disable this warning
[2021-11-22T19:40:59.059Z] [org.springframework.security.web.DefaultSecurityFilterChain] [restartedMain] [51] [INFO ] Will secure any request with [org.springframework.security.web.context.request.async.WebAsyncManagerIntegrationFilter@2ab7d8b7, org.springframework.security.web.context.SecurityContextPersistenceFilter@31dc9e0a, org.springframework.security.web.header.HeaderWriterFilter@7f779d4b, org.springframework.security.web.authentication.logout.LogoutFilter@23f205c, com.connecsen.oterrain.security.JWTAuthorizationFilter@4df6f47a, org.springframework.security.web.savedrequest.RequestCacheAwareFilter@3edf9e7a, org.springframework.security.web.servletapi.SecurityContextHolderAwareRequestFilter@63089604, org.springframework.security.web.authentication.AnonymousAuthenticationFilter@30aab076, org.springframework.security.web.session.SessionManagementFilter@7b3fdcf8, org.springframework.security.web.access.ExceptionTranslationFilter@101ab59d, org.springframework.security.web.access.intercept.FilterSecurityInterceptor@2f79596a]
[2021-11-22T19:41:07.007Z] [org.springframework.boot.autoconfigure.web.servlet.WelcomePageHandlerMapping] [restartedMain] [53] [INFO ] Adding welcome page: class path resource [static/index.html]
[2021-11-22T19:41:20.020Z] [org.springframework.boot.devtools.autoconfigure.OptionalLiveReloadServer] [restartedMain] [58] [INFO ] LiveReload server is running on port 35729
[2021-11-22T19:41:20.020Z] [org.apache.juli.logging.DirectJDKLog] [restartedMain] [173] [INFO ] Starting ProtocolHandler ["http-nio-8080"]
[2021-11-22T19:41:20.020Z] [org.springframework.boot.web.embedded.tomcat.TomcatWebServer] [restartedMain] [220] [INFO ] Tomcat started on port(s): 8080 (http) with context path ''
[2021-11-22T19:41:21.021Z] [org.springframework.boot.StartupInfoLogger] [restartedMain] [61] [INFO ] Started OterrainApplication in 146.544 seconds (JVM running for 153.041)
[2021-11-22T19:41:30.030Z] [org.apache.juli.logging.DirectJDKLog] [http-nio-8080-exec-1] [173] [INFO ] Initializing Spring DispatcherServlet 'dispatcherServlet'
[2021-11-22T19:41:30.030Z] [org.springframework.web.servlet.FrameworkServlet] [http-nio-8080-exec-1] [525] [INFO ] Initializing Servlet 'dispatcherServlet'
[2021-11-22T19:41:30.030Z] [org.springframework.web.servlet.FrameworkServlet] [http-nio-8080-exec-1] [547] [INFO ] Completed initialization in 7 ms
[2021-11-22T20:02:47.047Z] [org.springframework.orm.jpa.AbstractEntityManagerFactoryBean] [SpringApplicationShutdownHook] [651] [INFO ] Closing JPA EntityManagerFactory for persistence unit 'default'
[2021-11-22T20:02:47.047Z] [com.zaxxer.hikari.HikariDataSource] [SpringApplicationShutdownHook] [350] [INFO ] HikariPool-1 - Shutdown initiated...
[2021-11-22T20:02:47.047Z] [com.zaxxer.hikari.HikariDataSource] [SpringApplicationShutdownHook] [352] [INFO ] HikariPool-1 - Shutdown completed.
[2021-11-22T20:03:23.023Z] [org.springframework.boot.StartupInfoLogger] [restartedMain] [55] [INFO ] Starting OterrainApplication using Java 1.8.0_271 on DESKTOP-B0QDJ37 with PID 10960 (C:\Users\AROUNA\connecsen\o-terrain\target\classes started by AROUNA in C:\Users\AROUNA\connecsen\o-terrain)
[2021-11-22T20:03:23.023Z] [org.springframework.boot.SpringApplication] [restartedMain] [663] [INFO ] The following profiles are active: dev
[2021-11-22T20:03:23.023Z] [org.hibernate.validator.internal.util.Version] [background-preinit] [21] [INFO ] HV000001: Hibernate Validator 6.2.0.Final
[2021-11-22T20:03:23.023Z] [org.springframework.boot.logging.DeferredLog] [restartedMain] [255] [INFO ] The Class-Path manifest attribute in C:\Users\AROUNA\.m2\repository\org\glassfish\hk2\hk2\2.6.1\hk2-2.6.1.jar referenced one or more files that do not exist: file:/C:/Users/AROUNA/.m2/repository/org/glassfish/hk2/hk2/2.6.1/hk2-utils.jar,file:/C:/Users/AROUNA/.m2/repository/org/glassfish/hk2/hk2/2.6.1/jakarta.annotation-api.jar,file:/C:/Users/AROUNA/.m2/repository/org/glassfish/hk2/hk2/2.6.1/jakarta.inject.jar,file:/C:/Users/AROUNA/.m2/repository/org/glassfish/hk2/hk2/2.6.1/hk2-api.jar,file:/C:/Users/AROUNA/.m2/repository/org/glassfish/hk2/hk2/2.6.1/aopalliance-repackaged.jar,file:/C:/Users/AROUNA/.m2/repository/org/glassfish/hk2/hk2/2.6.1/hk2-core.jar,file:/C:/Users/AROUNA/.m2/repository/org/glassfish/hk2/hk2/2.6.1/hk2-locator.jar,file:/C:/Users/AROUNA/.m2/repository/org/glassfish/hk2/hk2/2.6.1/javassist.jar,file:/C:/Users/AROUNA/.m2/repository/org/glassfish/hk2/hk2/2.6.1/hk2-runlevel.jar,file:/C:/Users/AROUNA/.m2/repository/org/glassfish/hk2/hk2/2.6.1/class-model.jar,file:/C:/Users/AROUNA/.m2/repository/org/glassfish/hk2/hk2/2.6.1/asm.jar,file:/C:/Users/AROUNA/.m2/repository/org/glassfish/hk2/hk2/2.6.1/asm-analysis.jar,file:/C:/Users/AROUNA/.m2/repository/org/glassfish/hk2/hk2/2.6.1/asm-commons.jar,file:/C:/Users/AROUNA/.m2/repository/org/glassfish/hk2/hk2/2.6.1/asm-tree.jar,file:/C:/Users/AROUNA/.m2/repository/org/glassfish/hk2/hk2/2.6.1/asm-util.jar
[2021-11-22T20:03:23.023Z] [org.springframework.boot.logging.DeferredLog] [restartedMain] [255] [INFO ] Devtools property defaults active! Set 'spring.devtools.add-properties' to 'false' to disable
[2021-11-22T20:03:23.023Z] [org.springframework.boot.logging.DeferredLog] [restartedMain] [255] [INFO ] For additional web related logging consider setting the 'logging.level.web' property to 'DEBUG'
[2021-11-22T20:03:34.034Z] [org.springframework.data.repository.config.RepositoryConfigurationDelegate] [restartedMain] [132] [INFO ] Bootstrapping Spring Data JPA repositories in DEFAULT mode.
[2021-11-22T20:03:36.036Z] [org.springframework.data.repository.config.RepositoryConfigurationDelegate] [restartedMain] [201] [INFO ] Finished Spring Data repository scanning in 1167 ms. Found 19 JPA repository interfaces.
[2021-11-22T20:03:39.039Z] [org.springframework.context.support.PostProcessorRegistrationDelegate$BeanPostProcessorChecker] [restartedMain] [376] [INFO ] Bean 'org.springframework.security.access.expression.method.DefaultMethodSecurityExpressionHandler@4014f459' of type [org.springframework.security.access.expression.method.DefaultMethodSecurityExpressionHandler] is not eligible for getting processed by all BeanPostProcessors (for example: not eligible for auto-proxying)
[2021-11-22T20:03:39.039Z] [org.springframework.context.support.PostProcessorRegistrationDelegate$BeanPostProcessorChecker] [restartedMain] [376] [INFO ] Bean 'methodSecurityMetadataSource' of type [org.springframework.security.access.method.DelegatingMethodSecurityMetadataSource] is not eligible for getting processed by all BeanPostProcessors (for example: not eligible for auto-proxying)
[2021-11-22T20:03:44.044Z] [org.springframework.boot.web.embedded.tomcat.TomcatWebServer] [restartedMain] [108] [INFO ] Tomcat initialized with port(s): 8080 (http)
[2021-11-22T20:03:44.044Z] [org.apache.juli.logging.DirectJDKLog] [restartedMain] [173] [INFO ] Initializing ProtocolHandler ["http-nio-8080"]
[2021-11-22T20:03:44.044Z] [org.apache.juli.logging.DirectJDKLog] [restartedMain] [173] [INFO ] Starting service [Tomcat]
[2021-11-22T20:03:44.044Z] [org.apache.juli.logging.DirectJDKLog] [restartedMain] [173] [INFO ] Starting Servlet engine: [Apache Tomcat/9.0.48]
[2021-11-22T20:03:45.045Z] [org.apache.juli.logging.DirectJDKLog] [restartedMain] [173] [INFO ] Initializing Spring embedded WebApplicationContext
[2021-11-22T20:03:45.045Z] [org.springframework.boot.web.servlet.context.ServletWebServerApplicationContext] [restartedMain] [290] [INFO ] Root WebApplicationContext: initialization completed in 21605 ms
[2021-11-22T20:03:47.047Z] [org.hibernate.jpa.internal.util.LogHelper] [restartedMain] [31] [INFO ] HHH000204: Processing PersistenceUnitInfo [name: default]
[2021-11-22T20:03:47.047Z] [org.hibernate.Version] [restartedMain] [44] [INFO ] HHH000412: Hibernate ORM core version 5.4.32.Final
[2021-11-22T20:03:48.048Z] [org.hibernate.annotations.common.reflection.java.JavaReflectionManager] [restartedMain] [56] [INFO ] HCANN000001: Hibernate Commons Annotations {5.1.2.Final}
[2021-11-22T20:03:49.049Z] [com.zaxxer.hikari.HikariDataSource] [restartedMain] [110] [INFO ] HikariPool-1 - Starting...
[2021-11-22T20:03:56.056Z] [com.zaxxer.hikari.HikariDataSource] [restartedMain] [123] [INFO ] HikariPool-1 - Start completed.
[2021-11-22T20:03:56.056Z] [org.hibernate.dialect.Dialect] [restartedMain] [175] [INFO ] HHH000400: Using dialect: org.hibernate.dialect.PostgreSQLDialect
[2021-11-22T20:04:27.027Z] [org.hibernate.engine.transaction.jta.platform.internal.JtaPlatformInitiator] [restartedMain] [52] [INFO ] HHH000490: Using JtaPlatform implementation: [org.hibernate.engine.transaction.jta.platform.internal.NoJtaPlatform]
[2021-11-22T20:04:27.027Z] [org.springframework.orm.jpa.AbstractEntityManagerFactoryBean] [restartedMain] [437] [INFO ] Initialized JPA EntityManagerFactory for persistence unit 'default'
[2021-11-22T20:04:28.028Z] [org.springframework.boot.autoconfigure.orm.jpa.JpaBaseConfiguration$JpaWebConfiguration] [restartedMain] [219] [WARN ] spring.jpa.open-in-view is enabled by default. Therefore, database queries may be performed during view rendering. Explicitly configure spring.jpa.open-in-view to disable this warning
[2021-11-22T20:04:39.039Z] [org.springframework.security.web.DefaultSecurityFilterChain] [restartedMain] [51] [INFO ] Will secure any request with [org.springframework.security.web.context.request.async.WebAsyncManagerIntegrationFilter@7b89c759, org.springframework.security.web.context.SecurityContextPersistenceFilter@781a61d3, org.springframework.security.web.header.HeaderWriterFilter@1321d54b, org.springframework.security.web.authentication.logout.LogoutFilter@42412d1c, com.connecsen.oterrain.security.JWTAuthorizationFilter@52b6a99f, org.springframework.security.web.savedrequest.RequestCacheAwareFilter@170a5884, org.springframework.security.web.servletapi.SecurityContextHolderAwareRequestFilter@1faf0ac8, org.springframework.security.web.authentication.AnonymousAuthenticationFilter@4346d516, org.springframework.security.web.session.SessionManagementFilter@e78b191, org.springframework.security.web.access.ExceptionTranslationFilter@e3f0646, org.springframework.security.web.access.intercept.FilterSecurityInterceptor@5dfd4454]
[2021-11-22T20:04:42.042Z] [org.springframework.boot.autoconfigure.web.servlet.WelcomePageHandlerMapping] [restartedMain] [53] [INFO ] Adding welcome page: class path resource [static/index.html]
[2021-11-22T20:04:51.051Z] [org.springframework.boot.devtools.autoconfigure.OptionalLiveReloadServer] [restartedMain] [58] [INFO ] LiveReload server is running on port 35729
[2021-11-22T20:04:52.052Z] [org.apache.juli.logging.DirectJDKLog] [restartedMain] [173] [INFO ] Starting ProtocolHandler ["http-nio-8080"]
[2021-11-22T20:04:52.052Z] [org.springframework.boot.web.embedded.tomcat.TomcatWebServer] [restartedMain] [220] [INFO ] Tomcat started on port(s): 8080 (http) with context path ''
[2021-11-22T20:04:52.052Z] [org.springframework.boot.StartupInfoLogger] [restartedMain] [61] [INFO ] Started OterrainApplication in 93.059 seconds (JVM running for 97.179)
[2021-11-22T20:05:14.014Z] [org.apache.juli.logging.DirectJDKLog] [http-nio-8080-exec-1] [173] [INFO ] Initializing Spring DispatcherServlet 'dispatcherServlet'
[2021-11-22T20:05:14.014Z] [org.springframework.web.servlet.FrameworkServlet] [http-nio-8080-exec-1] [525] [INFO ] Initializing Servlet 'dispatcherServlet'
[2021-11-22T20:05:14.014Z] [org.springframework.web.servlet.FrameworkServlet] [http-nio-8080-exec-1] [547] [INFO ] Completed initialization in 14 ms
[2021-11-22T20:06:28.028Z] [org.springframework.orm.jpa.AbstractEntityManagerFactoryBean] [Thread-6] [651] [INFO ] Closing JPA EntityManagerFactory for persistence unit 'default'
[2021-11-22T20:06:28.028Z] [com.zaxxer.hikari.HikariDataSource] [Thread-6] [350] [INFO ] HikariPool-1 - Shutdown initiated...
[2021-11-22T20:06:29.029Z] [com.zaxxer.hikari.HikariDataSource] [Thread-6] [352] [INFO ] HikariPool-1 - Shutdown completed.
[2021-11-22T20:06:30.030Z] [org.springframework.boot.StartupInfoLogger] [restartedMain] [55] [INFO ] Starting OterrainApplication using Java 1.8.0_271 on DESKTOP-B0QDJ37 with PID 10960 (C:\Users\AROUNA\connecsen\o-terrain\target\classes started by AROUNA in C:\Users\AROUNA\connecsen\o-terrain)
[2021-11-22T20:06:30.030Z] [org.springframework.boot.SpringApplication] [restartedMain] [663] [INFO ] The following profiles are active: dev
[2021-11-22T20:06:34.034Z] [org.springframework.data.repository.config.RepositoryConfigurationDelegate] [restartedMain] [132] [INFO ] Bootstrapping Spring Data JPA repositories in DEFAULT mode.
[2021-11-22T20:06:35.035Z] [org.springframework.data.repository.config.RepositoryConfigurationDelegate] [restartedMain] [201] [INFO ] Finished Spring Data repository scanning in 1348 ms. Found 19 JPA repository interfaces.
[2021-11-22T20:06:36.036Z] [org.springframework.context.support.PostProcessorRegistrationDelegate$BeanPostProcessorChecker] [restartedMain] [376] [INFO ] Bean 'org.springframework.security.access.expression.method.DefaultMethodSecurityExpressionHandler@2983ed31' of type [org.springframework.security.access.expression.method.DefaultMethodSecurityExpressionHandler] is not eligible for getting processed by all BeanPostProcessors (for example: not eligible for auto-proxying)
[2021-11-22T20:06:36.036Z] [org.springframework.context.support.PostProcessorRegistrationDelegate$BeanPostProcessorChecker] [restartedMain] [376] [INFO ] Bean 'methodSecurityMetadataSource' of type [org.springframework.security.access.method.DelegatingMethodSecurityMetadataSource] is not eligible for getting processed by all BeanPostProcessors (for example: not eligible for auto-proxying)
[2021-11-22T20:06:37.037Z] [org.springframework.boot.web.embedded.tomcat.TomcatWebServer] [restartedMain] [108] [INFO ] Tomcat initialized with port(s): 8080 (http)
[2021-11-22T20:06:37.037Z] [org.apache.juli.logging.DirectJDKLog] [restartedMain] [173] [INFO ] Initializing ProtocolHandler ["http-nio-8080"]
[2021-11-22T20:06:37.037Z] [org.apache.juli.logging.DirectJDKLog] [restartedMain] [173] [INFO ] Starting service [Tomcat]
[2021-11-22T20:06:37.037Z] [org.apache.juli.logging.DirectJDKLog] [restartedMain] [173] [INFO ] Starting Servlet engine: [Apache Tomcat/9.0.48]
[2021-11-22T20:06:37.037Z] [org.apache.juli.logging.DirectJDKLog] [restartedMain] [173] [INFO ] Initializing Spring embedded WebApplicationContext
[2021-11-22T20:06:37.037Z] [org.springframework.boot.web.servlet.context.ServletWebServerApplicationContext] [restartedMain] [290] [INFO ] Root WebApplicationContext: initialization completed in 7649 ms
[2021-11-22T20:06:38.038Z] [org.hibernate.jpa.internal.util.LogHelper] [restartedMain] [31] [INFO ] HHH000204: Processing PersistenceUnitInfo [name: default]
[2021-11-22T20:06:38.038Z] [com.zaxxer.hikari.HikariDataSource] [restartedMain] [110] [INFO ] HikariPool-2 - Starting...
[2021-11-22T20:06:40.040Z] [com.zaxxer.hikari.HikariDataSource] [restartedMain] [123] [INFO ] HikariPool-2 - Start completed.
[2021-11-22T20:06:40.040Z] [org.hibernate.dialect.Dialect] [restartedMain] [175] [INFO ] HHH000400: Using dialect: org.hibernate.dialect.PostgreSQLDialect
[2021-11-22T20:07:03.003Z] [org.hibernate.engine.transaction.jta.platform.internal.JtaPlatformInitiator] [restartedMain] [52] [INFO ] HHH000490: Using JtaPlatform implementation: [org.hibernate.engine.transaction.jta.platform.internal.NoJtaPlatform]
[2021-11-22T20:07:03.003Z] [org.springframework.orm.jpa.AbstractEntityManagerFactoryBean] [restartedMain] [437] [INFO ] Initialized JPA EntityManagerFactory for persistence unit 'default'
[2021-11-22T20:07:03.003Z] [org.springframework.boot.autoconfigure.orm.jpa.JpaBaseConfiguration$JpaWebConfiguration] [restartedMain] [219] [WARN ] spring.jpa.open-in-view is enabled by default. Therefore, database queries may be performed during view rendering. Explicitly configure spring.jpa.open-in-view to disable this warning
[2021-11-22T20:07:07.007Z] [org.springframework.security.web.DefaultSecurityFilterChain] [restartedMain] [51] [INFO ] Will secure any request with [org.springframework.security.web.context.request.async.WebAsyncManagerIntegrationFilter@41996639, org.springframework.security.web.context.SecurityContextPersistenceFilter@7b85c1cd, org.springframework.security.web.header.HeaderWriterFilter@6f7fd11d, org.springframework.security.web.authentication.logout.LogoutFilter@3146f952, com.connecsen.oterrain.security.JWTAuthorizationFilter@41789fe7, org.springframework.security.web.savedrequest.RequestCacheAwareFilter@7cd39e55, org.springframework.security.web.servletapi.SecurityContextHolderAwareRequestFilter@6d355feb, org.springframework.security.web.authentication.AnonymousAuthenticationFilter@52960d47, org.springframework.security.web.session.SessionManagementFilter@7a6e6959, org.springframework.security.web.access.ExceptionTranslationFilter@551a5979, org.springframework.security.web.access.intercept.FilterSecurityInterceptor@294fded0]
[2021-11-22T20:07:08.008Z] [org.springframework.boot.autoconfigure.web.servlet.WelcomePageHandlerMapping] [restartedMain] [53] [INFO ] Adding welcome page: class path resource [static/index.html]
[2021-11-22T20:07:11.011Z] [org.springframework.boot.devtools.autoconfigure.OptionalLiveReloadServer] [restartedMain] [58] [INFO ] LiveReload server is running on port 35729
[2021-11-22T20:07:11.011Z] [org.apache.juli.logging.DirectJDKLog] [restartedMain] [173] [INFO ] Starting ProtocolHandler ["http-nio-8080"]
[2021-11-22T20:07:11.011Z] [org.springframework.boot.web.embedded.tomcat.TomcatWebServer] [restartedMain] [220] [INFO ] Tomcat started on port(s): 8080 (http) with context path ''
[2021-11-22T20:07:12.012Z] [org.springframework.boot.StartupInfoLogger] [restartedMain] [61] [INFO ] Started OterrainApplication in 42.154 seconds (JVM running for 236.764)
[2021-11-22T20:07:12.012Z] [org.springframework.boot.devtools.autoconfigure.ConditionEvaluationDeltaLoggingListener] [restartedMain] [63] [INFO ] Condition evaluation unchanged
[2021-11-22T20:07:21.021Z] [org.apache.juli.logging.DirectJDKLog] [http-nio-8080-exec-10] [173] [INFO ] Initializing Spring DispatcherServlet 'dispatcherServlet'
[2021-11-22T20:07:21.021Z] [org.springframework.web.servlet.FrameworkServlet] [http-nio-8080-exec-10] [525] [INFO ] Initializing Servlet 'dispatcherServlet'
[2021-11-22T20:07:21.021Z] [org.springframework.web.servlet.FrameworkServlet] [http-nio-8080-exec-10] [547] [INFO ] Completed initialization in 38 ms
[2021-11-22T20:23:41.041Z] [org.springframework.orm.jpa.AbstractEntityManagerFactoryBean] [Thread-8] [651] [INFO ] Closing JPA EntityManagerFactory for persistence unit 'default'
[2021-11-22T20:23:41.041Z] [com.zaxxer.hikari.HikariDataSource] [Thread-8] [350] [INFO ] HikariPool-2 - Shutdown initiated...
[2021-11-22T20:23:42.042Z] [com.zaxxer.hikari.HikariDataSource] [Thread-8] [352] [INFO ] HikariPool-2 - Shutdown completed.
[2021-11-22T20:23:43.043Z] [org.springframework.boot.StartupInfoLogger] [restartedMain] [55] [INFO ] Starting OterrainApplication using Java 1.8.0_271 on DESKTOP-B0QDJ37 with PID 10960 (C:\Users\AROUNA\connecsen\o-terrain\target\classes started by AROUNA in C:\Users\AROUNA\connecsen\o-terrain)
[2021-11-22T20:23:43.043Z] [org.springframework.boot.SpringApplication] [restartedMain] [663] [INFO ] The following profiles are active: dev
[2021-11-22T20:23:47.047Z] [org.springframework.data.repository.config.RepositoryConfigurationDelegate] [restartedMain] [132] [INFO ] Bootstrapping Spring Data JPA repositories in DEFAULT mode.
[2021-11-22T20:23:47.047Z] [org.springframework.data.repository.config.RepositoryConfigurationDelegate] [restartedMain] [201] [INFO ] Finished Spring Data repository scanning in 608 ms. Found 19 JPA repository interfaces.
[2021-11-22T20:23:48.048Z] [org.springframework.context.support.PostProcessorRegistrationDelegate$BeanPostProcessorChecker] [restartedMain] [376] [INFO ] Bean 'org.springframework.security.access.expression.method.DefaultMethodSecurityExpressionHandler@3da886c3' of type [org.springframework.security.access.expression.method.DefaultMethodSecurityExpressionHandler] is not eligible for getting processed by all BeanPostProcessors (for example: not eligible for auto-proxying)
[2021-11-22T20:23:48.048Z] [org.springframework.context.support.PostProcessorRegistrationDelegate$BeanPostProcessorChecker] [restartedMain] [376] [INFO ] Bean 'methodSecurityMetadataSource' of type [org.springframework.security.access.method.DelegatingMethodSecurityMetadataSource] is not eligible for getting processed by all BeanPostProcessors (for example: not eligible for auto-proxying)
[2021-11-22T20:23:50.050Z] [org.springframework.boot.web.embedded.tomcat.TomcatWebServer] [restartedMain] [108] [INFO ] Tomcat initialized with port(s): 8080 (http)
[2021-11-22T20:23:50.050Z] [org.apache.juli.logging.DirectJDKLog] [restartedMain] [173] [INFO ] Initializing ProtocolHandler ["http-nio-8080"]
[2021-11-22T20:23:50.050Z] [org.apache.juli.logging.DirectJDKLog] [restartedMain] [173] [INFO ] Starting service [Tomcat]
[2021-11-22T20:23:50.050Z] [org.apache.juli.logging.DirectJDKLog] [restartedMain] [173] [INFO ] Starting Servlet engine: [Apache Tomcat/9.0.48]
[2021-11-22T20:23:50.050Z] [org.apache.juli.logging.DirectJDKLog] [restartedMain] [173] [INFO ] Initializing Spring embedded WebApplicationContext
[2021-11-22T20:23:50.050Z] [org.springframework.boot.web.servlet.context.ServletWebServerApplicationContext] [restartedMain] [290] [INFO ] Root WebApplicationContext: initialization completed in 7548 ms
[2021-11-22T20:23:51.051Z] [org.hibernate.jpa.internal.util.LogHelper] [restartedMain] [31] [INFO ] HHH000204: Processing PersistenceUnitInfo [name: default]
[2021-11-22T20:23:51.051Z] [com.zaxxer.hikari.HikariDataSource] [restartedMain] [110] [INFO ] HikariPool-3 - Starting...
[2021-11-22T20:23:55.055Z] [com.zaxxer.hikari.HikariDataSource] [restartedMain] [123] [INFO ] HikariPool-3 - Start completed.
[2021-11-22T20:23:55.055Z] [org.hibernate.dialect.Dialect] [restartedMain] [175] [INFO ] HHH000400: Using dialect: org.hibernate.dialect.PostgreSQLDialect
[2021-11-22T20:24:22.022Z] [org.hibernate.engine.transaction.jta.platform.internal.JtaPlatformInitiator] [restartedMain] [52] [INFO ] HHH000490: Using JtaPlatform implementation: [org.hibernate.engine.transaction.jta.platform.internal.NoJtaPlatform]
[2021-11-22T20:24:22.022Z] [org.springframework.orm.jpa.AbstractEntityManagerFactoryBean] [restartedMain] [437] [INFO ] Initialized JPA EntityManagerFactory for persistence unit 'default'
[2021-11-22T20:24:22.022Z] [org.springframework.boot.autoconfigure.orm.jpa.JpaBaseConfiguration$JpaWebConfiguration] [restartedMain] [219] [WARN ] spring.jpa.open-in-view is enabled by default. Therefore, database queries may be performed during view rendering. Explicitly configure spring.jpa.open-in-view to disable this warning
[2021-11-22T20:24:25.025Z] [org.springframework.security.web.DefaultSecurityFilterChain] [restartedMain] [51] [INFO ] Will secure any request with [org.springframework.security.web.context.request.async.WebAsyncManagerIntegrationFilter@6f27f389, org.springframework.security.web.context.SecurityContextPersistenceFilter@1a5308b7, org.springframework.security.web.header.HeaderWriterFilter@7dc8ad3a, org.springframework.security.web.authentication.logout.LogoutFilter@abccefa, com.connecsen.oterrain.security.JWTAuthorizationFilter@3176a4ca, org.springframework.security.web.savedrequest.RequestCacheAwareFilter@60aa924, org.springframework.security.web.servletapi.SecurityContextHolderAwareRequestFilter@3e1365a2, org.springframework.security.web.authentication.AnonymousAuthenticationFilter@7ff6a727, org.springframework.security.web.session.SessionManagementFilter@7939e69e, org.springframework.security.web.access.ExceptionTranslationFilter@787c872e, org.springframework.security.web.access.intercept.FilterSecurityInterceptor@10f54023]
[2021-11-22T20:24:26.026Z] [org.springframework.boot.autoconfigure.web.servlet.WelcomePageHandlerMapping] [restartedMain] [53] [INFO ] Adding welcome page: class path resource [static/index.html]
[2021-11-22T20:24:29.029Z] [org.springframework.boot.devtools.autoconfigure.OptionalLiveReloadServer] [restartedMain] [58] [INFO ] LiveReload server is running on port 35729
[2021-11-22T20:24:30.030Z] [org.apache.juli.logging.DirectJDKLog] [restartedMain] [173] [INFO ] Starting ProtocolHandler ["http-nio-8080"]
[2021-11-22T20:24:30.030Z] [org.springframework.boot.web.embedded.tomcat.TomcatWebServer] [restartedMain] [220] [INFO ] Tomcat started on port(s): 8080 (http) with context path ''
[2021-11-22T20:24:30.030Z] [org.springframework.boot.StartupInfoLogger] [restartedMain] [61] [INFO ] Started OterrainApplication in 47.206 seconds (JVM running for 1274.864)
[2021-11-22T20:24:30.030Z] [org.springframework.boot.devtools.autoconfigure.ConditionEvaluationDeltaLoggingListener] [restartedMain] [63] [INFO ] Condition evaluation unchanged
[2021-11-22T20:25:02.002Z] [org.apache.juli.logging.DirectJDKLog] [http-nio-8080-exec-1] [173] [INFO ] Initializing Spring DispatcherServlet 'dispatcherServlet'
[2021-11-22T20:25:02.002Z] [org.springframework.web.servlet.FrameworkServlet] [http-nio-8080-exec-1] [525] [INFO ] Initializing Servlet 'dispatcherServlet'
[2021-11-22T20:25:02.002Z] [org.springframework.web.servlet.FrameworkServlet] [http-nio-8080-exec-1] [547] [INFO ] Completed initialization in 4 ms
[2021-11-22T21:02:50.050Z] [org.springframework.orm.jpa.AbstractEntityManagerFactoryBean] [Thread-12] [651] [INFO ] Closing JPA EntityManagerFactory for persistence unit 'default'
[2021-11-22T21:02:51.051Z] [com.zaxxer.hikari.HikariDataSource] [Thread-12] [350] [INFO ] HikariPool-3 - Shutdown initiated...
[2021-11-22T21:02:51.051Z] [com.zaxxer.hikari.HikariDataSource] [Thread-12] [352] [INFO ] HikariPool-3 - Shutdown completed.
[2021-11-22T21:02:52.052Z] [org.springframework.boot.StartupInfoLogger] [restartedMain] [55] [INFO ] Starting OterrainApplication using Java 1.8.0_271 on DESKTOP-B0QDJ37 with PID 10960 (C:\Users\AROUNA\connecsen\o-terrain\target\classes started by AROUNA in C:\Users\AROUNA\connecsen\o-terrain)
[2021-11-22T21:02:52.052Z] [org.springframework.boot.SpringApplication] [restartedMain] [663] [INFO ] The following profiles are active: dev
[2021-11-22T21:02:57.057Z] [org.springframework.data.repository.config.RepositoryConfigurationDelegate] [restartedMain] [132] [INFO ] Bootstrapping Spring Data JPA repositories in DEFAULT mode.
[2021-11-22T21:02:59.059Z] [org.springframework.data.repository.config.RepositoryConfigurationDelegate] [restartedMain] [201] [INFO ] Finished Spring Data repository scanning in 1930 ms. Found 19 JPA repository interfaces.
[2021-11-22T21:03:00.000Z] [org.springframework.context.support.PostProcessorRegistrationDelegate$BeanPostProcessorChecker] [restartedMain] [376] [INFO ] Bean 'org.springframework.security.access.expression.method.DefaultMethodSecurityExpressionHandler@3ab843f4' of type [org.springframework.security.access.expression.method.DefaultMethodSecurityExpressionHandler] is not eligible for getting processed by all BeanPostProcessors (for example: not eligible for auto-proxying)
[2021-11-22T21:03:00.000Z] [org.springframework.context.support.PostProcessorRegistrationDelegate$BeanPostProcessorChecker] [restartedMain] [376] [INFO ] Bean 'methodSecurityMetadataSource' of type [org.springframework.security.access.method.DelegatingMethodSecurityMetadataSource] is not eligible for getting processed by all BeanPostProcessors (for example: not eligible for auto-proxying)
[2021-11-22T21:03:01.001Z] [org.springframework.boot.web.embedded.tomcat.TomcatWebServer] [restartedMain] [108] [INFO ] Tomcat initialized with port(s): 8080 (http)
[2021-11-22T21:03:01.001Z] [org.apache.juli.logging.DirectJDKLog] [restartedMain] [173] [INFO ] Initializing ProtocolHandler ["http-nio-8080"]
[2021-11-22T21:03:01.001Z] [org.apache.juli.logging.DirectJDKLog] [restartedMain] [173] [INFO ] Starting service [Tomcat]
[2021-11-22T21:03:01.001Z] [org.apache.juli.logging.DirectJDKLog] [restartedMain] [173] [INFO ] Starting Servlet engine: [Apache Tomcat/9.0.48]
[2021-11-22T21:03:02.002Z] [org.apache.juli.logging.DirectJDKLog] [restartedMain] [173] [INFO ] Initializing Spring embedded WebApplicationContext
[2021-11-22T21:03:02.002Z] [org.springframework.boot.web.servlet.context.ServletWebServerApplicationContext] [restartedMain] [290] [INFO ] Root WebApplicationContext: initialization completed in 9364 ms
[2021-11-22T21:03:03.003Z] [org.hibernate.jpa.internal.util.LogHelper] [restartedMain] [31] [INFO ] HHH000204: Processing PersistenceUnitInfo [name: default]
[2021-11-22T21:03:03.003Z] [com.zaxxer.hikari.HikariDataSource] [restartedMain] [110] [INFO ] HikariPool-4 - Starting...
[2021-11-22T21:03:05.005Z] [com.zaxxer.hikari.HikariDataSource] [restartedMain] [123] [INFO ] HikariPool-4 - Start completed.
[2021-11-22T21:03:05.005Z] [org.hibernate.dialect.Dialect] [restartedMain] [175] [INFO ] HHH000400: Using dialect: org.hibernate.dialect.PostgreSQLDialect
[2021-11-22T21:03:32.032Z] [org.hibernate.engine.transaction.jta.platform.internal.JtaPlatformInitiator] [restartedMain] [52] [INFO ] HHH000490: Using JtaPlatform implementation: [org.hibernate.engine.transaction.jta.platform.internal.NoJtaPlatform]
[2021-11-22T21:03:32.032Z] [org.springframework.orm.jpa.AbstractEntityManagerFactoryBean] [restartedMain] [437] [INFO ] Initialized JPA EntityManagerFactory for persistence unit 'default'
[2021-11-22T21:03:33.033Z] [org.springframework.boot.autoconfigure.orm.jpa.JpaBaseConfiguration$JpaWebConfiguration] [restartedMain] [219] [WARN ] spring.jpa.open-in-view is enabled by default. Therefore, database queries may be performed during view rendering. Explicitly configure spring.jpa.open-in-view to disable this warning
[2021-11-22T21:03:40.040Z] [org.springframework.security.web.DefaultSecurityFilterChain] [restartedMain] [51] [INFO ] Will secure any request with [org.springframework.security.web.context.request.async.WebAsyncManagerIntegrationFilter@b8f76fc, org.springframework.security.web.context.SecurityContextPersistenceFilter@7b6399c6, org.springframework.security.web.header.HeaderWriterFilter@6de1842f, org.springframework.security.web.authentication.logout.LogoutFilter@12e4d51d, com.connecsen.oterrain.security.JWTAuthorizationFilter@7b04838f, org.springframework.security.web.savedrequest.RequestCacheAwareFilter@e3f178c, org.springframework.security.web.servletapi.SecurityContextHolderAwareRequestFilter@6f9e2a98, org.springframework.security.web.authentication.AnonymousAuthenticationFilter@106d7b70, org.springframework.security.web.session.SessionManagementFilter@733d32ee, org.springframework.security.web.access.ExceptionTranslationFilter@3be9c81e, org.springframework.security.web.access.intercept.FilterSecurityInterceptor@6d2b794b]
[2021-11-22T21:03:41.041Z] [org.springframework.boot.autoconfigure.web.servlet.WelcomePageHandlerMapping] [restartedMain] [53] [INFO ] Adding welcome page: class path resource [static/index.html]
[2021-11-22T21:03:45.045Z] [org.springframework.boot.devtools.autoconfigure.OptionalLiveReloadServer] [restartedMain] [58] [INFO ] LiveReload server is running on port 35729
[2021-11-22T21:03:45.045Z] [org.apache.juli.logging.DirectJDKLog] [restartedMain] [173] [INFO ] Starting ProtocolHandler ["http-nio-8080"]
[2021-11-22T21:03:45.045Z] [org.springframework.boot.web.embedded.tomcat.TomcatWebServer] [restartedMain] [220] [INFO ] Tomcat started on port(s): 8080 (http) with context path ''
[2021-11-22T21:03:45.045Z] [org.springframework.boot.StartupInfoLogger] [restartedMain] [61] [INFO ] Started OterrainApplication in 53.678 seconds (JVM running for 3630.408)
[2021-11-22T21:03:45.045Z] [org.springframework.boot.devtools.autoconfigure.ConditionEvaluationDeltaLoggingListener] [restartedMain] [63] [INFO ] Condition evaluation unchanged
[2021-11-22T21:04:35.035Z] [org.apache.juli.logging.DirectJDKLog] [http-nio-8080-exec-1] [173] [INFO ] Initializing Spring DispatcherServlet 'dispatcherServlet'
[2021-11-22T21:04:35.035Z] [org.springframework.web.servlet.FrameworkServlet] [http-nio-8080-exec-1] [525] [INFO ] Initializing Servlet 'dispatcherServlet'
[2021-11-22T21:04:35.035Z] [org.springframework.web.servlet.FrameworkServlet] [http-nio-8080-exec-1] [547] [INFO ] Completed initialization in 5 ms
[2021-11-22T21:05:24.024Z] [org.springframework.orm.jpa.AbstractEntityManagerFactoryBean] [Thread-16] [651] [INFO ] Closing JPA EntityManagerFactory for persistence unit 'default'
[2021-11-22T21:05:24.024Z] [com.zaxxer.hikari.HikariDataSource] [Thread-16] [350] [INFO ] HikariPool-4 - Shutdown initiated...
[2021-11-22T21:05:24.024Z] [com.zaxxer.hikari.HikariDataSource] [Thread-16] [352] [INFO ] HikariPool-4 - Shutdown completed.
[2021-11-22T21:05:26.026Z] [org.springframework.boot.StartupInfoLogger] [restartedMain] [55] [INFO ] Starting OterrainApplication using Java 1.8.0_271 on DESKTOP-B0QDJ37 with PID 10960 (C:\Users\AROUNA\connecsen\o-terrain\target\classes started by AROUNA in C:\Users\AROUNA\connecsen\o-terrain)
[2021-11-22T21:05:26.026Z] [org.springframework.boot.SpringApplication] [restartedMain] [663] [INFO ] The following profiles are active: dev
[2021-11-22T21:05:31.031Z] [org.springframework.data.repository.config.RepositoryConfigurationDelegate] [restartedMain] [132] [INFO ] Bootstrapping Spring Data JPA repositories in DEFAULT mode.
[2021-11-22T21:05:33.033Z] [org.springframework.data.repository.config.RepositoryConfigurationDelegate] [restartedMain] [201] [INFO ] Finished Spring Data repository scanning in 1336 ms. Found 19 JPA repository interfaces.
[2021-11-22T21:05:34.034Z] [org.springframework.context.support.PostProcessorRegistrationDelegate$BeanPostProcessorChecker] [restartedMain] [376] [INFO ] Bean 'org.springframework.security.access.expression.method.DefaultMethodSecurityExpressionHandler@33c08e8f' of type [org.springframework.security.access.expression.method.DefaultMethodSecurityExpressionHandler] is not eligible for getting processed by all BeanPostProcessors (for example: not eligible for auto-proxying)
[2021-11-22T21:05:34.034Z] [org.springframework.context.support.PostProcessorRegistrationDelegate$BeanPostProcessorChecker] [restartedMain] [376] [INFO ] Bean 'methodSecurityMetadataSource' of type [org.springframework.security.access.method.DelegatingMethodSecurityMetadataSource] is not eligible for getting processed by all BeanPostProcessors (for example: not eligible for auto-proxying)
[2021-11-22T21:05:36.036Z] [org.springframework.boot.web.embedded.tomcat.TomcatWebServer] [restartedMain] [108] [INFO ] Tomcat initialized with port(s): 8080 (http)
[2021-11-22T21:05:36.036Z] [org.apache.juli.logging.DirectJDKLog] [restartedMain] [173] [INFO ] Initializing ProtocolHandler ["http-nio-8080"]
[2021-11-22T21:05:36.036Z] [org.apache.juli.logging.DirectJDKLog] [restartedMain] [173] [INFO ] Starting service [Tomcat]
[2021-11-22T21:05:36.036Z] [org.apache.juli.logging.DirectJDKLog] [restartedMain] [173] [INFO ] Starting Servlet engine: [Apache Tomcat/9.0.48]
[2021-11-22T21:05:36.036Z] [org.apache.juli.logging.DirectJDKLog] [restartedMain] [173] [INFO ] Initializing Spring embedded WebApplicationContext
[2021-11-22T21:05:36.036Z] [org.springframework.boot.web.servlet.context.ServletWebServerApplicationContext] [restartedMain] [290] [INFO ] Root WebApplicationContext: initialization completed in 10344 ms
[2021-11-22T21:05:38.038Z] [org.hibernate.jpa.internal.util.LogHelper] [restartedMain] [31] [INFO ] HHH000204: Processing PersistenceUnitInfo [name: default]
[2021-11-22T21:05:38.038Z] [com.zaxxer.hikari.HikariDataSource] [restartedMain] [110] [INFO ] HikariPool-5 - Starting...
[2021-11-22T21:05:43.043Z] [com.zaxxer.hikari.HikariDataSource] [restartedMain] [123] [INFO ] HikariPool-5 - Start completed.
[2021-11-22T21:05:43.043Z] [org.hibernate.dialect.Dialect] [restartedMain] [175] [INFO ] HHH000400: Using dialect: org.hibernate.dialect.PostgreSQLDialect
[2021-11-22T21:06:21.021Z] [org.hibernate.engine.transaction.jta.platform.internal.JtaPlatformInitiator] [restartedMain] [52] [INFO ] HHH000490: Using JtaPlatform implementation: [org.hibernate.engine.transaction.jta.platform.internal.NoJtaPlatform]
[2021-11-22T21:06:21.021Z] [org.springframework.orm.jpa.AbstractEntityManagerFactoryBean] [restartedMain] [437] [INFO ] Initialized JPA EntityManagerFactory for persistence unit 'default'
[2021-11-22T21:06:21.021Z] [org.springframework.boot.autoconfigure.orm.jpa.JpaBaseConfiguration$JpaWebConfiguration] [restartedMain] [219] [WARN ] spring.jpa.open-in-view is enabled by default. Therefore, database queries may be performed during view rendering. Explicitly configure spring.jpa.open-in-view to disable this warning
[2021-11-22T21:06:25.025Z] [org.springframework.security.web.DefaultSecurityFilterChain] [restartedMain] [51] [INFO ] Will secure any request with [org.springframework.security.web.context.request.async.WebAsyncManagerIntegrationFilter@546a36d8, org.springframework.security.web.context.SecurityContextPersistenceFilter@6bd2759, org.springframework.security.web.header.HeaderWriterFilter@551eef32, org.springframework.security.web.authentication.logout.LogoutFilter@69c005e2, com.connecsen.oterrain.security.JWTAuthorizationFilter@29676372, org.springframework.security.web.savedrequest.RequestCacheAwareFilter@60aebac3, org.springframework.security.web.servletapi.SecurityContextHolderAwareRequestFilter@42ebae9b, org.springframework.security.web.authentication.AnonymousAuthenticationFilter@2b8bfc4c, org.springframework.security.web.session.SessionManagementFilter@5823848b, org.springframework.security.web.access.ExceptionTranslationFilter@4074d035, org.springframework.security.web.access.intercept.FilterSecurityInterceptor@10ce4e2d]
[2021-11-22T21:06:25.025Z] [org.springframework.boot.autoconfigure.web.servlet.WelcomePageHandlerMapping] [restartedMain] [53] [INFO ] Adding welcome page: class path resource [static/index.html]
[2021-11-22T21:06:28.028Z] [org.springframework.boot.devtools.autoconfigure.OptionalLiveReloadServer] [restartedMain] [58] [INFO ] LiveReload server is running on port 35729
[2021-11-22T21:06:28.028Z] [org.apache.juli.logging.DirectJDKLog] [restartedMain] [173] [INFO ] Starting ProtocolHandler ["http-nio-8080"]
[2021-11-22T21:06:28.028Z] [org.springframework.boot.web.embedded.tomcat.TomcatWebServer] [restartedMain] [220] [INFO ] Tomcat started on port(s): 8080 (http) with context path ''
[2021-11-22T21:06:28.028Z] [org.springframework.boot.StartupInfoLogger] [restartedMain] [61] [INFO ] Started OterrainApplication in 63.356 seconds (JVM running for 3793.476)
[2021-11-22T21:06:28.028Z] [org.springframework.boot.devtools.autoconfigure.ConditionEvaluationDeltaLoggingListener] [restartedMain] [63] [INFO ] Condition evaluation unchanged
[2021-11-22T21:06:51.051Z] [org.apache.juli.logging.DirectJDKLog] [http-nio-8080-exec-1] [173] [INFO ] Initializing Spring DispatcherServlet 'dispatcherServlet'
[2021-11-22T21:06:51.051Z] [org.springframework.web.servlet.FrameworkServlet] [http-nio-8080-exec-1] [525] [INFO ] Initializing Servlet 'dispatcherServlet'
[2021-11-22T21:06:51.051Z] [org.springframework.web.servlet.FrameworkServlet] [http-nio-8080-exec-1] [547] [INFO ] Completed initialization in 6 ms
[2021-11-22T21:07:23.023Z] [org.springframework.orm.jpa.AbstractEntityManagerFactoryBean] [Thread-20] [651] [INFO ] Closing JPA EntityManagerFactory for persistence unit 'default'
[2021-11-22T21:07:23.023Z] [com.zaxxer.hikari.HikariDataSource] [Thread-20] [350] [INFO ] HikariPool-5 - Shutdown initiated...
[2021-11-22T21:07:23.023Z] [com.zaxxer.hikari.HikariDataSource] [Thread-20] [352] [INFO ] HikariPool-5 - Shutdown completed.
[2021-11-22T21:07:24.024Z] [org.springframework.boot.StartupInfoLogger] [restartedMain] [55] [INFO ] Starting OterrainApplication using Java 1.8.0_271 on DESKTOP-B0QDJ37 with PID 10960 (C:\Users\AROUNA\connecsen\o-terrain\target\classes started by AROUNA in C:\Users\AROUNA\connecsen\o-terrain)
[2021-11-22T21:07:24.024Z] [org.springframework.boot.SpringApplication] [restartedMain] [663] [INFO ] The following profiles are active: dev
[2021-11-22T21:07:29.029Z] [org.springframework.data.repository.config.RepositoryConfigurationDelegate] [restartedMain] [132] [INFO ] Bootstrapping Spring Data JPA repositories in DEFAULT mode.
[2021-11-22T21:07:30.030Z] [org.springframework.data.repository.config.RepositoryConfigurationDelegate] [restartedMain] [201] [INFO ] Finished Spring Data repository scanning in 909 ms. Found 19 JPA repository interfaces.
[2021-11-22T21:07:31.031Z] [org.springframework.context.support.PostProcessorRegistrationDelegate$BeanPostProcessorChecker] [restartedMain] [376] [INFO ] Bean 'org.springframework.security.access.expression.method.DefaultMethodSecurityExpressionHandler@5b582810' of type [org.springframework.security.access.expression.method.DefaultMethodSecurityExpressionHandler] is not eligible for getting processed by all BeanPostProcessors (for example: not eligible for auto-proxying)
[2021-11-22T21:07:31.031Z] [org.springframework.context.support.PostProcessorRegistrationDelegate$BeanPostProcessorChecker] [restartedMain] [376] [INFO ] Bean 'methodSecurityMetadataSource' of type [org.springframework.security.access.method.DelegatingMethodSecurityMetadataSource] is not eligible for getting processed by all BeanPostProcessors (for example: not eligible for auto-proxying)
[2021-11-22T21:07:31.031Z] [org.springframework.boot.web.embedded.tomcat.TomcatWebServer] [restartedMain] [108] [INFO ] Tomcat initialized with port(s): 8080 (http)
[2021-11-22T21:07:32.032Z] [org.apache.juli.logging.DirectJDKLog] [restartedMain] [173] [INFO ] Initializing ProtocolHandler ["http-nio-8080"]
[2021-11-22T21:07:32.032Z] [org.apache.juli.logging.DirectJDKLog] [restartedMain] [173] [INFO ] Starting service [Tomcat]
[2021-11-22T21:07:32.032Z] [org.apache.juli.logging.DirectJDKLog] [restartedMain] [173] [INFO ] Starting Servlet engine: [Apache Tomcat/9.0.48]
[2021-11-22T21:07:32.032Z] [org.apache.juli.logging.DirectJDKLog] [restartedMain] [173] [INFO ] Initializing Spring embedded WebApplicationContext
[2021-11-22T21:07:32.032Z] [org.springframework.boot.web.servlet.context.ServletWebServerApplicationContext] [restartedMain] [290] [INFO ] Root WebApplicationContext: initialization completed in 7574 ms
[2021-11-22T21:07:32.032Z] [org.hibernate.jpa.internal.util.LogHelper] [restartedMain] [31] [INFO ] HHH000204: Processing PersistenceUnitInfo [name: default]
[2021-11-22T21:07:32.032Z] [com.zaxxer.hikari.HikariDataSource] [restartedMain] [110] [INFO ] HikariPool-6 - Starting...
[2021-11-22T21:07:36.036Z] [com.zaxxer.hikari.HikariDataSource] [restartedMain] [123] [INFO ] HikariPool-6 - Start completed.
[2021-11-22T21:07:36.036Z] [org.hibernate.dialect.Dialect] [restartedMain] [175] [INFO ] HHH000400: Using dialect: org.hibernate.dialect.PostgreSQLDialect
[2021-11-22T21:07:59.059Z] [org.hibernate.engine.transaction.jta.platform.internal.JtaPlatformInitiator] [restartedMain] [52] [INFO ] HHH000490: Using JtaPlatform implementation: [org.hibernate.engine.transaction.jta.platform.internal.NoJtaPlatform]
[2021-11-22T21:07:59.059Z] [org.springframework.orm.jpa.AbstractEntityManagerFactoryBean] [restartedMain] [437] [INFO ] Initialized JPA EntityManagerFactory for persistence unit 'default'
[2021-11-22T21:07:59.059Z] [org.springframework.boot.autoconfigure.orm.jpa.JpaBaseConfiguration$JpaWebConfiguration] [restartedMain] [219] [WARN ] spring.jpa.open-in-view is enabled by default. Therefore, database queries may be performed during view rendering. Explicitly configure spring.jpa.open-in-view to disable this warning
[2021-11-22T21:08:03.003Z] [org.springframework.security.web.DefaultSecurityFilterChain] [restartedMain] [51] [INFO ] Will secure any request with [org.springframework.security.web.context.request.async.WebAsyncManagerIntegrationFilter@4e790b81, org.springframework.security.web.context.SecurityContextPersistenceFilter@14d0e642, org.springframework.security.web.header.HeaderWriterFilter@2ad92c82, org.springframework.security.web.authentication.logout.LogoutFilter@97966fa, com.connecsen.oterrain.security.JWTAuthorizationFilter@82f4c09, org.springframework.security.web.savedrequest.RequestCacheAwareFilter@37e20912, org.springframework.security.web.servletapi.SecurityContextHolderAwareRequestFilter@543c9e50, org.springframework.security.web.authentication.AnonymousAuthenticationFilter@1fec2e71, org.springframework.security.web.session.SessionManagementFilter@4b40a747, org.springframework.security.web.access.ExceptionTranslationFilter@5f4ccb6, org.springframework.security.web.access.intercept.FilterSecurityInterceptor@5027bbc]
[2021-11-22T21:08:03.003Z] [org.springframework.boot.autoconfigure.web.servlet.WelcomePageHandlerMapping] [restartedMain] [53] [INFO ] Adding welcome page: class path resource [static/index.html]
[2021-11-22T21:08:07.007Z] [org.springframework.boot.devtools.autoconfigure.OptionalLiveReloadServer] [restartedMain] [58] [INFO ] LiveReload server is running on port 35729
[2021-11-22T21:08:07.007Z] [org.apache.juli.logging.DirectJDKLog] [restartedMain] [173] [INFO ] Starting ProtocolHandler ["http-nio-8080"]
[2021-11-22T21:08:07.007Z] [org.springframework.boot.web.embedded.tomcat.TomcatWebServer] [restartedMain] [220] [INFO ] Tomcat started on port(s): 8080 (http) with context path ''
[2021-11-22T21:08:07.007Z] [org.springframework.boot.StartupInfoLogger] [restartedMain] [61] [INFO ] Started OterrainApplication in 43.703 seconds (JVM running for 3892.59)
[2021-11-22T21:08:08.008Z] [org.springframework.boot.devtools.autoconfigure.ConditionEvaluationDeltaLoggingListener] [restartedMain] [63] [INFO ] Condition evaluation unchanged
[2021-11-22T21:08:16.016Z] [org.apache.juli.logging.DirectJDKLog] [http-nio-8080-exec-1] [173] [INFO ] Initializing Spring DispatcherServlet 'dispatcherServlet'
[2021-11-22T21:08:16.016Z] [org.springframework.web.servlet.FrameworkServlet] [http-nio-8080-exec-1] [525] [INFO ] Initializing Servlet 'dispatcherServlet'
[2021-11-22T21:08:16.016Z] [org.springframework.web.servlet.FrameworkServlet] [http-nio-8080-exec-1] [547] [INFO ] Completed initialization in 4 ms
[2021-11-22T21:09:26.026Z] [org.springframework.orm.jpa.AbstractEntityManagerFactoryBean] [Thread-24] [651] [INFO ] Closing JPA EntityManagerFactory for persistence unit 'default'
[2021-11-22T21:09:27.027Z] [com.zaxxer.hikari.HikariDataSource] [Thread-24] [350] [INFO ] HikariPool-6 - Shutdown initiated...
[2021-11-22T21:09:27.027Z] [com.zaxxer.hikari.HikariDataSource] [Thread-24] [352] [INFO ] HikariPool-6 - Shutdown completed.
[2021-11-22T21:09:27.027Z] [org.springframework.boot.StartupInfoLogger] [restartedMain] [55] [INFO ] Starting OterrainApplication using Java 1.8.0_271 on DESKTOP-B0QDJ37 with PID 10960 (C:\Users\AROUNA\connecsen\o-terrain\target\classes started by AROUNA in C:\Users\AROUNA\connecsen\o-terrain)
[2021-11-22T21:09:27.027Z] [org.springframework.boot.SpringApplication] [restartedMain] [663] [INFO ] The following profiles are active: dev
[2021-11-22T21:09:30.030Z] [org.springframework.data.repository.config.RepositoryConfigurationDelegate] [restartedMain] [132] [INFO ] Bootstrapping Spring Data JPA repositories in DEFAULT mode.
[2021-11-22T21:09:31.031Z] [org.springframework.data.repository.config.RepositoryConfigurationDelegate] [restartedMain] [201] [INFO ] Finished Spring Data repository scanning in 664 ms. Found 19 JPA repository interfaces.
[2021-11-22T21:09:31.031Z] [org.springframework.context.support.PostProcessorRegistrationDelegate$BeanPostProcessorChecker] [restartedMain] [376] [INFO ] Bean 'org.springframework.security.access.expression.method.DefaultMethodSecurityExpressionHandler@14f4c5ac' of type [org.springframework.security.access.expression.method.DefaultMethodSecurityExpressionHandler] is not eligible for getting processed by all BeanPostProcessors (for example: not eligible for auto-proxying)
[2021-11-22T21:09:31.031Z] [org.springframework.context.support.PostProcessorRegistrationDelegate$BeanPostProcessorChecker] [restartedMain] [376] [INFO ] Bean 'methodSecurityMetadataSource' of type [org.springframework.security.access.method.DelegatingMethodSecurityMetadataSource] is not eligible for getting processed by all BeanPostProcessors (for example: not eligible for auto-proxying)
[2021-11-22T21:09:31.031Z] [org.springframework.boot.web.embedded.tomcat.TomcatWebServer] [restartedMain] [108] [INFO ] Tomcat initialized with port(s): 8080 (http)
[2021-11-22T21:09:31.031Z] [org.apache.juli.logging.DirectJDKLog] [restartedMain] [173] [INFO ] Initializing ProtocolHandler ["http-nio-8080"]
[2021-11-22T21:09:31.031Z] [org.apache.juli.logging.DirectJDKLog] [restartedMain] [173] [INFO ] Starting service [Tomcat]
[2021-11-22T21:09:32.032Z] [org.apache.juli.logging.DirectJDKLog] [restartedMain] [173] [INFO ] Starting Servlet engine: [Apache Tomcat/9.0.48]
[2021-11-22T21:09:32.032Z] [org.apache.juli.logging.DirectJDKLog] [restartedMain] [173] [INFO ] Initializing Spring embedded WebApplicationContext
[2021-11-22T21:09:32.032Z] [org.springframework.boot.web.servlet.context.ServletWebServerApplicationContext] [restartedMain] [290] [INFO ] Root WebApplicationContext: initialization completed in 4131 ms
[2021-11-22T21:09:32.032Z] [org.hibernate.jpa.internal.util.LogHelper] [restartedMain] [31] [INFO ] HHH000204: Processing PersistenceUnitInfo [name: default]
[2021-11-22T21:09:32.032Z] [com.zaxxer.hikari.HikariDataSource] [restartedMain] [110] [INFO ] HikariPool-7 - Starting...
[2021-11-22T21:09:36.036Z] [com.zaxxer.hikari.HikariDataSource] [restartedMain] [123] [INFO ] HikariPool-7 - Start completed.
[2021-11-22T21:09:36.036Z] [org.hibernate.dialect.Dialect] [restartedMain] [175] [INFO ] HHH000400: Using dialect: org.hibernate.dialect.PostgreSQLDialect
[2021-11-22T21:10:21.021Z] [org.hibernate.engine.transaction.jta.platform.internal.JtaPlatformInitiator] [restartedMain] [52] [INFO ] HHH000490: Using JtaPlatform implementation: [org.hibernate.engine.transaction.jta.platform.internal.NoJtaPlatform]
[2021-11-22T21:10:21.021Z] [org.springframework.orm.jpa.AbstractEntityManagerFactoryBean] [restartedMain] [437] [INFO ] Initialized JPA EntityManagerFactory for persistence unit 'default'
[2021-11-22T21:10:21.021Z] [org.springframework.boot.autoconfigure.orm.jpa.JpaBaseConfiguration$JpaWebConfiguration] [restartedMain] [219] [WARN ] spring.jpa.open-in-view is enabled by default. Therefore, database queries may be performed during view rendering. Explicitly configure spring.jpa.open-in-view to disable this warning
[2021-11-22T21:10:25.025Z] [org.springframework.security.web.DefaultSecurityFilterChain] [restartedMain] [51] [INFO ] Will secure any request with [org.springframework.security.web.context.request.async.WebAsyncManagerIntegrationFilter@4ecb7fd0, org.springframework.security.web.context.SecurityContextPersistenceFilter@74ccc6bc, org.springframework.security.web.header.HeaderWriterFilter@48abca2c, org.springframework.security.web.authentication.logout.LogoutFilter@288f9ea1, com.connecsen.oterrain.security.JWTAuthorizationFilter@72dc90ce, org.springframework.security.web.savedrequest.RequestCacheAwareFilter@24e5024c, org.springframework.security.web.servletapi.SecurityContextHolderAwareRequestFilter@32094656, org.springframework.security.web.authentication.AnonymousAuthenticationFilter@49d85c6a, org.springframework.security.web.session.SessionManagementFilter@633d6b03, org.springframework.security.web.access.ExceptionTranslationFilter@6fe7f3ca, org.springframework.security.web.access.intercept.FilterSecurityInterceptor@4ee80da7]
[2021-11-22T21:10:25.025Z] [org.springframework.boot.autoconfigure.web.servlet.WelcomePageHandlerMapping] [restartedMain] [53] [INFO ] Adding welcome page: class path resource [static/index.html]
[2021-11-22T21:10:28.028Z] [org.springframework.boot.devtools.autoconfigure.OptionalLiveReloadServer] [restartedMain] [58] [INFO ] LiveReload server is running on port 35729
[2021-11-22T21:10:28.028Z] [org.apache.juli.logging.DirectJDKLog] [restartedMain] [173] [INFO ] Starting ProtocolHandler ["http-nio-8080"]
[2021-11-22T21:10:28.028Z] [org.springframework.boot.web.embedded.tomcat.TomcatWebServer] [restartedMain] [220] [INFO ] Tomcat started on port(s): 8080 (http) with context path ''
[2021-11-22T21:10:28.028Z] [org.springframework.boot.StartupInfoLogger] [restartedMain] [61] [INFO ] Started OterrainApplication in 60.754 seconds (JVM running for 4033.251)
[2021-11-22T21:10:28.028Z] [org.springframework.boot.devtools.autoconfigure.ConditionEvaluationDeltaLoggingListener] [restartedMain] [63] [INFO ] Condition evaluation unchanged
[2021-11-22T21:10:34.034Z] [org.apache.juli.logging.DirectJDKLog] [http-nio-8080-exec-1] [173] [INFO ] Initializing Spring DispatcherServlet 'dispatcherServlet'
[2021-11-22T21:10:34.034Z] [org.springframework.web.servlet.FrameworkServlet] [http-nio-8080-exec-1] [525] [INFO ] Initializing Servlet 'dispatcherServlet'
[2021-11-22T21:10:34.034Z] [org.springframework.web.servlet.FrameworkServlet] [http-nio-8080-exec-1] [547] [INFO ] Completed initialization in 3 ms
[2021-11-22T21:51:55.055Z] [org.springframework.orm.jpa.AbstractEntityManagerFactoryBean] [Thread-28] [651] [INFO ] Closing JPA EntityManagerFactory for persistence unit 'default'
[2021-11-22T21:51:55.055Z] [com.zaxxer.hikari.HikariDataSource] [Thread-28] [350] [INFO ] HikariPool-7 - Shutdown initiated...
[2021-11-22T21:51:55.055Z] [com.zaxxer.hikari.HikariDataSource] [Thread-28] [352] [INFO ] HikariPool-7 - Shutdown completed.
[2021-11-22T21:51:57.057Z] [org.springframework.boot.StartupInfoLogger] [restartedMain] [55] [INFO ] Starting OterrainApplication using Java 1.8.0_271 on DESKTOP-B0QDJ37 with PID 10960 (C:\Users\AROUNA\connecsen\o-terrain\target\classes started by AROUNA in C:\Users\AROUNA\connecsen\o-terrain)
[2021-11-22T21:51:57.057Z] [org.springframework.boot.SpringApplication] [restartedMain] [663] [INFO ] The following profiles are active: dev
[2021-11-22T21:52:02.002Z] [org.springframework.data.repository.config.RepositoryConfigurationDelegate] [restartedMain] [132] [INFO ] Bootstrapping Spring Data JPA repositories in DEFAULT mode.
[2021-11-22T21:52:03.003Z] [org.springframework.data.repository.config.RepositoryConfigurationDelegate] [restartedMain] [201] [INFO ] Finished Spring Data repository scanning in 1166 ms. Found 19 JPA repository interfaces.
[2021-11-22T21:52:03.003Z] [org.springframework.context.support.PostProcessorRegistrationDelegate$BeanPostProcessorChecker] [restartedMain] [376] [INFO ] Bean 'org.springframework.security.access.expression.method.DefaultMethodSecurityExpressionHandler@7e27592e' of type [org.springframework.security.access.expression.method.DefaultMethodSecurityExpressionHandler] is not eligible for getting processed by all BeanPostProcessors (for example: not eligible for auto-proxying)
[2021-11-22T21:52:03.003Z] [org.springframework.context.support.PostProcessorRegistrationDelegate$BeanPostProcessorChecker] [restartedMain] [376] [INFO ] Bean 'methodSecurityMetadataSource' of type [org.springframework.security.access.method.DelegatingMethodSecurityMetadataSource] is not eligible for getting processed by all BeanPostProcessors (for example: not eligible for auto-proxying)
[2021-11-22T21:52:04.004Z] [org.springframework.boot.web.embedded.tomcat.TomcatWebServer] [restartedMain] [108] [INFO ] Tomcat initialized with port(s): 8080 (http)
[2021-11-22T21:52:04.004Z] [org.apache.juli.logging.DirectJDKLog] [restartedMain] [173] [INFO ] Initializing ProtocolHandler ["http-nio-8080"]
[2021-11-22T21:52:04.004Z] [org.apache.juli.logging.DirectJDKLog] [restartedMain] [173] [INFO ] Starting service [Tomcat]
[2021-11-22T21:52:04.004Z] [org.apache.juli.logging.DirectJDKLog] [restartedMain] [173] [INFO ] Starting Servlet engine: [Apache Tomcat/9.0.48]
[2021-11-22T21:52:05.005Z] [org.apache.juli.logging.DirectJDKLog] [restartedMain] [173] [INFO ] Initializing Spring embedded WebApplicationContext
[2021-11-22T21:52:05.005Z] [org.springframework.boot.web.servlet.context.ServletWebServerApplicationContext] [restartedMain] [290] [INFO ] Root WebApplicationContext: initialization completed in 7406 ms
[2021-11-22T21:52:05.005Z] [org.hibernate.jpa.internal.util.LogHelper] [restartedMain] [31] [INFO ] HHH000204: Processing PersistenceUnitInfo [name: default]
[2021-11-22T21:52:05.005Z] [com.zaxxer.hikari.HikariDataSource] [restartedMain] [110] [INFO ] HikariPool-8 - Starting...
[2021-11-22T21:52:08.008Z] [com.zaxxer.hikari.HikariDataSource] [restartedMain] [123] [INFO ] HikariPool-8 - Start completed.
[2021-11-22T21:52:08.008Z] [org.hibernate.dialect.Dialect] [restartedMain] [175] [INFO ] HHH000400: Using dialect: org.hibernate.dialect.PostgreSQLDialect
[2021-11-22T21:52:34.034Z] [org.hibernate.engine.transaction.jta.platform.internal.JtaPlatformInitiator] [restartedMain] [52] [INFO ] HHH000490: Using JtaPlatform implementation: [org.hibernate.engine.transaction.jta.platform.internal.NoJtaPlatform]
[2021-11-22T21:52:34.034Z] [org.springframework.orm.jpa.AbstractEntityManagerFactoryBean] [restartedMain] [437] [INFO ] Initialized JPA EntityManagerFactory for persistence unit 'default'
[2021-11-22T21:52:35.035Z] [org.springframework.boot.autoconfigure.orm.jpa.JpaBaseConfiguration$JpaWebConfiguration] [restartedMain] [219] [WARN ] spring.jpa.open-in-view is enabled by default. Therefore, database queries may be performed during view rendering. Explicitly configure spring.jpa.open-in-view to disable this warning
[2021-11-22T21:52:41.041Z] [org.springframework.security.web.DefaultSecurityFilterChain] [restartedMain] [51] [INFO ] Will secure any request with [org.springframework.security.web.context.request.async.WebAsyncManagerIntegrationFilter@23aa9ce4, org.springframework.security.web.context.SecurityContextPersistenceFilter@784f76a1, org.springframework.security.web.header.HeaderWriterFilter@737b54b0, org.springframework.security.web.authentication.logout.LogoutFilter@7b8396c5, com.connecsen.oterrain.security.JWTAuthorizationFilter@689d4b0a, org.springframework.security.web.savedrequest.RequestCacheAwareFilter@a6392ec, org.springframework.security.web.servletapi.SecurityContextHolderAwareRequestFilter@239499c4, org.springframework.security.web.authentication.AnonymousAuthenticationFilter@3354065b, org.springframework.security.web.session.SessionManagementFilter@17199596, org.springframework.security.web.access.ExceptionTranslationFilter@5bb52d61, org.springframework.security.web.access.intercept.FilterSecurityInterceptor@2e275802]
[2021-11-22T21:52:42.042Z] [org.springframework.boot.autoconfigure.web.servlet.WelcomePageHandlerMapping] [restartedMain] [53] [INFO ] Adding welcome page: class path resource [static/index.html]
[2021-11-22T21:52:45.045Z] [org.springframework.boot.devtools.autoconfigure.OptionalLiveReloadServer] [restartedMain] [58] [INFO ] LiveReload server is running on port 35729
[2021-11-22T21:52:45.045Z] [org.apache.juli.logging.DirectJDKLog] [restartedMain] [173] [INFO ] Starting ProtocolHandler ["http-nio-8080"]
[2021-11-22T21:52:45.045Z] [org.springframework.boot.web.embedded.tomcat.TomcatWebServer] [restartedMain] [220] [INFO ] Tomcat started on port(s): 8080 (http) with context path ''
[2021-11-22T21:52:45.045Z] [org.springframework.boot.StartupInfoLogger] [restartedMain] [61] [INFO ] Started OterrainApplication in 47.792 seconds (JVM running for 6569.919)
[2021-11-22T21:52:45.045Z] [org.springframework.boot.devtools.autoconfigure.ConditionEvaluationDeltaLoggingListener] [restartedMain] [63] [INFO ] Condition evaluation unchanged
[2021-11-22T21:53:08.008Z] [org.apache.juli.logging.DirectJDKLog] [http-nio-8080-exec-1] [173] [INFO ] Initializing Spring DispatcherServlet 'dispatcherServlet'
[2021-11-22T21:53:08.008Z] [org.springframework.web.servlet.FrameworkServlet] [http-nio-8080-exec-1] [525] [INFO ] Initializing Servlet 'dispatcherServlet'
[2021-11-22T21:53:08.008Z] [org.springframework.web.servlet.FrameworkServlet] [http-nio-8080-exec-1] [547] [INFO ] Completed initialization in 4 ms
[2021-11-22T21:55:13.013Z] [org.springframework.orm.jpa.AbstractEntityManagerFactoryBean] [Thread-32] [651] [INFO ] Closing JPA EntityManagerFactory for persistence unit 'default'
[2021-11-22T21:55:13.013Z] [com.zaxxer.hikari.HikariDataSource] [Thread-32] [350] [INFO ] HikariPool-8 - Shutdown initiated...
[2021-11-22T21:55:13.013Z] [com.zaxxer.hikari.HikariDataSource] [Thread-32] [352] [INFO ] HikariPool-8 - Shutdown completed.
[2021-11-22T21:55:17.017Z] [org.springframework.boot.StartupInfoLogger] [restartedMain] [55] [INFO ] Starting OterrainApplication using Java 1.8.0_271 on DESKTOP-B0QDJ37 with PID 10960 (C:\Users\AROUNA\connecsen\o-terrain\target\classes started by AROUNA in C:\Users\AROUNA\connecsen\o-terrain)
[2021-11-22T21:55:17.017Z] [org.springframework.boot.SpringApplication] [restartedMain] [663] [INFO ] The following profiles are active: dev
[2021-11-22T21:55:21.021Z] [org.springframework.data.repository.config.RepositoryConfigurationDelegate] [restartedMain] [132] [INFO ] Bootstrapping Spring Data JPA repositories in DEFAULT mode.
[2021-11-22T21:55:22.022Z] [org.springframework.data.repository.config.RepositoryConfigurationDelegate] [restartedMain] [201] [INFO ] Finished Spring Data repository scanning in 710 ms. Found 19 JPA repository interfaces.
[2021-11-22T21:55:23.023Z] [org.springframework.context.support.PostProcessorRegistrationDelegate$BeanPostProcessorChecker] [restartedMain] [376] [INFO ] Bean 'org.springframework.security.access.expression.method.DefaultMethodSecurityExpressionHandler@2761f84c' of type [org.springframework.security.access.expression.method.DefaultMethodSecurityExpressionHandler] is not eligible for getting processed by all BeanPostProcessors (for example: not eligible for auto-proxying)
[2021-11-22T21:55:23.023Z] [org.springframework.context.support.PostProcessorRegistrationDelegate$BeanPostProcessorChecker] [restartedMain] [376] [INFO ] Bean 'methodSecurityMetadataSource' of type [org.springframework.security.access.method.DelegatingMethodSecurityMetadataSource] is not eligible for getting processed by all BeanPostProcessors (for example: not eligible for auto-proxying)
[2021-11-22T21:55:24.024Z] [org.springframework.boot.web.embedded.tomcat.TomcatWebServer] [restartedMain] [108] [INFO ] Tomcat initialized with port(s): 8080 (http)
[2021-11-22T21:55:24.024Z] [org.apache.juli.logging.DirectJDKLog] [restartedMain] [173] [INFO ] Initializing ProtocolHandler ["http-nio-8080"]
[2021-11-22T21:55:24.024Z] [org.apache.juli.logging.DirectJDKLog] [restartedMain] [173] [INFO ] Starting service [Tomcat]
[2021-11-22T21:55:24.024Z] [org.apache.juli.logging.DirectJDKLog] [restartedMain] [173] [INFO ] Starting Servlet engine: [Apache Tomcat/9.0.48]
[2021-11-22T21:55:24.024Z] [org.apache.juli.logging.DirectJDKLog] [restartedMain] [173] [INFO ] Initializing Spring embedded WebApplicationContext
[2021-11-22T21:55:24.024Z] [org.springframework.boot.web.servlet.context.ServletWebServerApplicationContext] [restartedMain] [290] [INFO ] Root WebApplicationContext: initialization completed in 7393 ms
[2021-11-22T21:55:25.025Z] [org.hibernate.jpa.internal.util.LogHelper] [restartedMain] [31] [INFO ] HHH000204: Processing PersistenceUnitInfo [name: default]
[2021-11-22T21:55:25.025Z] [com.zaxxer.hikari.HikariDataSource] [restartedMain] [110] [INFO ] HikariPool-9 - Starting...
[2021-11-22T21:55:28.028Z] [com.zaxxer.hikari.HikariDataSource] [restartedMain] [123] [INFO ] HikariPool-9 - Start completed.
[2021-11-22T21:55:28.028Z] [org.hibernate.dialect.Dialect] [restartedMain] [175] [INFO ] HHH000400: Using dialect: org.hibernate.dialect.PostgreSQLDialect
[2021-11-22T21:55:51.051Z] [org.hibernate.engine.transaction.jta.platform.internal.JtaPlatformInitiator] [restartedMain] [52] [INFO ] HHH000490: Using JtaPlatform implementation: [org.hibernate.engine.transaction.jta.platform.internal.NoJtaPlatform]
[2021-11-22T21:55:51.051Z] [org.springframework.orm.jpa.AbstractEntityManagerFactoryBean] [restartedMain] [437] [INFO ] Initialized JPA EntityManagerFactory for persistence unit 'default'
[2021-11-22T21:55:51.051Z] [org.springframework.boot.autoconfigure.orm.jpa.JpaBaseConfiguration$JpaWebConfiguration] [restartedMain] [219] [WARN ] spring.jpa.open-in-view is enabled by default. Therefore, database queries may be performed during view rendering. Explicitly configure spring.jpa.open-in-view to disable this warning
[2021-11-22T21:55:55.055Z] [org.springframework.security.web.DefaultSecurityFilterChain] [restartedMain] [51] [INFO ] Will secure any request with [org.springframework.security.web.context.request.async.WebAsyncManagerIntegrationFilter@62e17c76, org.springframework.security.web.context.SecurityContextPersistenceFilter@52793133, org.springframework.security.web.header.HeaderWriterFilter@7c7c329c, org.springframework.security.web.authentication.logout.LogoutFilter@679293d1, com.connecsen.oterrain.security.JWTAuthorizationFilter@5585b250, org.springframework.security.web.savedrequest.RequestCacheAwareFilter@e37f1aa, org.springframework.security.web.servletapi.SecurityContextHolderAwareRequestFilter@13c2da22, org.springframework.security.web.authentication.AnonymousAuthenticationFilter@4c286f8c, org.springframework.security.web.session.SessionManagementFilter@1cde6157, org.springframework.security.web.access.ExceptionTranslationFilter@6dd6288e, org.springframework.security.web.access.intercept.FilterSecurityInterceptor@55d19b4e]
[2021-11-22T21:55:55.055Z] [org.springframework.boot.autoconfigure.web.servlet.WelcomePageHandlerMapping] [restartedMain] [53] [INFO ] Adding welcome page: class path resource [static/index.html]
[2021-11-22T21:55:58.058Z] [org.springframework.boot.devtools.autoconfigure.OptionalLiveReloadServer] [restartedMain] [58] [INFO ] LiveReload server is running on port 35729
[2021-11-22T21:55:58.058Z] [org.apache.juli.logging.DirectJDKLog] [restartedMain] [173] [INFO ] Starting ProtocolHandler ["http-nio-8080"]
[2021-11-22T21:55:58.058Z] [org.springframework.boot.web.embedded.tomcat.TomcatWebServer] [restartedMain] [220] [INFO ] Tomcat started on port(s): 8080 (http) with context path ''
[2021-11-22T21:55:58.058Z] [org.springframework.boot.StartupInfoLogger] [restartedMain] [61] [INFO ] Started OterrainApplication in 43.006 seconds (JVM running for 6763.061)
[2021-11-22T21:55:58.058Z] [org.springframework.boot.devtools.autoconfigure.ConditionEvaluationDeltaLoggingListener] [restartedMain] [63] [INFO ] Condition evaluation unchanged
[2021-11-22T21:56:11.011Z] [org.apache.juli.logging.DirectJDKLog] [http-nio-8080-exec-10] [173] [INFO ] Initializing Spring DispatcherServlet 'dispatcherServlet'
[2021-11-22T21:56:11.011Z] [org.springframework.web.servlet.FrameworkServlet] [http-nio-8080-exec-10] [525] [INFO ] Initializing Servlet 'dispatcherServlet'
[2021-11-22T21:56:11.011Z] [org.springframework.web.servlet.FrameworkServlet] [http-nio-8080-exec-10] [547] [INFO ] Completed initialization in 4 ms
